SF:lib\core\database\storage_service.dart
DA:30,2
DA:31,2
DA:36,2
DA:39,2
DA:40,2
DA:46,2
DA:55,2
DA:56,2
DA:64,6
DA:65,4
DA:66,4
DA:67,4
DA:69,0
DA:73,1
DA:74,2
DA:77,1
DA:83,3
DA:84,3
DA:87,0
DA:88,0
DA:91,0
DA:92,0
DA:93,0
DA:95,0
DA:97,0
DA:102,0
DA:104,0
DA:105,0
DA:106,0
DA:107,0
DA:110,0
DA:112,0
DA:115,0
DA:116,0
DA:117,0
DA:118,0
DA:121,0
DA:122,0
DA:123,0
DA:124,0
DA:127,0
DA:128,0
DA:129,0
DA:131,0
DA:133,0
DA:137,0
DA:139,0
DA:141,0
DA:145,6
DA:147,6
DA:149,0
DA:150,0
DA:154,0
DA:155,0
DA:156,0
DA:159,0
DA:165,0
DA:166,0
DA:168,0
DA:170,0
DA:174,0
DA:176,0
DA:177,0
DA:178,0
DA:180,0
DA:185,0
DA:187,0
DA:188,0
DA:193,0
DA:194,0
DA:196,0
DA:197,0
DA:198,0
DA:200,0
DA:201,0
DA:202,0
DA:203,0
DA:205,0
DA:206,0
DA:207,0
DA:209,0
DA:210,0
DA:211,0
DA:213,0
DA:214,0
DA:215,0
DA:216,0
DA:218,0
DA:219,0
DA:220,0
DA:221,0
LF:91
LH:19
end_of_record
SF:lib\features\game_2048\domain\tile_model.dart
DA:7,6
DA:14,2
DA:15,2
DA:16,2
DA:17,1
LF:5
LH:5
end_of_record
SF:lib\features\game_2048\providers\game_provider.dart
DA:22,1
DA:23,1
DA:24,9
DA:69,2
DA:74,4
DA:76,1
DA:78,2
DA:83,1
DA:84,2
DA:85,2
DA:86,1
DA:89,1
DA:92,1
DA:93,2
DA:94,3
DA:95,4
DA:96,1
DA:97,3
DA:98,1
DA:101,1
DA:102,2
DA:103,2
DA:107,3
DA:108,3
DA:109,3
DA:110,3
DA:112,2
DA:113,2
DA:114,3
DA:117,2
DA:118,1
DA:124,3
DA:128,1
DA:131,2
DA:132,2
DA:133,2
DA:134,2
DA:135,2
DA:136,12
DA:137,2
DA:138,2
DA:139,2
DA:140,2
DA:145,2
DA:146,2
DA:147,2
DA:148,2
DA:149,2
DA:150,12
DA:151,2
DA:152,2
DA:153,2
DA:154,2
DA:155,2
DA:159,1
DA:160,1
DA:161,1
DA:166,2
DA:167,3
DA:168,2
DA:169,2
DA:170,2
DA:171,2
DA:172,1
DA:173,1
DA:174,1
DA:181,2
DA:185,4
DA:186,4
DA:187,4
DA:193,2
DA:196,2
DA:197,2
DA:198,2
DA:199,1
DA:203,1
DA:204,2
DA:206,1
DA:211,2
DA:213,2
DA:217,10
DA:220,6
DA:221,6
DA:222,6
DA:228,4
DA:229,4
DA:232,8
DA:233,6
DA:234,6
DA:238,4
DA:239,4
DA:244,2
DA:245,3
DA:248,3
DA:249,2
DA:251,3
DA:252,3
DA:253,3
DA:256,2
DA:258,2
DA:261,3
DA:262,2
DA:266,1
DA:267,5
DA:275,2
DA:276,2
DA:277,2
DA:280,1
DA:281,3
DA:282,3
DA:286,2
DA:288,2
DA:291,2
DA:292,0
DA:296,3
DA:297,1
DA:298,2
DA:300,1
DA:303,2
DA:304,2
DA:309,1
DA:310,1
DA:311,1
DA:312,1
DA:316,1
DA:317,1
DA:318,1
DA:324,2
DA:326,6
DA:327,6
DA:328,6
DA:329,10
DA:333,2
DA:336,6
DA:337,4
DA:342,2
DA:343,2
DA:344,2
DA:345,8
DA:346,6
DA:348,6
DA:350,2
DA:351,2
DA:352,2
DA:354,2
DA:355,2
DA:356,2
DA:357,2
DA:365,2
DA:366,2
DA:367,6
DA:368,6
DA:369,6
DA:370,4
DA:375,2
DA:376,8
DA:378,6
DA:379,16
DA:384,2
DA:385,12
DA:389,2
DA:391,2
DA:392,4
DA:393,2
DA:394,2
DA:395,2
DA:396,4
DA:397,1
DA:398,1
DA:403,2
DA:404,6
DA:405,6
DA:408,6
DA:410,6
DA:412,2
DA:416,2
DA:417,5
DA:418,5
DA:420,6
DA:423,4
DA:424,2
DA:425,4
DA:426,4
DA:428,2
DA:429,6
DA:431,6
LF:186
LH:185
end_of_record
SF:lib\features\audio\services\sfx_service.dart
DA:7,3
DA:10,0
DA:16,1
DA:21,1
DA:22,1
DA:23,0
DA:24,0
DA:27,0
DA:28,0
DA:29,0
DA:34,3
DA:40,0
DA:41,0
LF:13
LH:5
end_of_record
SF:lib\features\game_2048\presentation\widgets\merge_particle.dart
DA:10,3
DA:16,2
DA:17,2
DA:25,2
DA:27,2
DA:28,4
DA:34,6
DA:35,6
DA:36,2
DA:39,8
DA:43,8
DA:44,6
DA:48,2
DA:50,4
DA:51,2
DA:54,2
DA:56,2
DA:57,2
DA:58,2
DA:59,2
DA:60,2
DA:61,2
DA:62,4
DA:63,4
DA:77,2
DA:89,2
DA:95,2
DA:97,10
DA:100,4
DA:102,6
DA:104,4
DA:106,4
DA:107,10
DA:108,10
DA:111,2
DA:112,8
DA:113,2
DA:115,2
DA:116,2
DA:117,10
DA:122,2
DA:123,8
DA:124,2
DA:126,2
DA:127,2
DA:128,12
DA:134,2
DA:136,6
LF:48
LH:48
end_of_record
SF:lib\features\game_2048\presentation\widgets\tile_widget.dart
DA:12,3
DA:14,2
DA:15,2
DA:26,2
DA:28,2
DA:29,6
DA:30,4
DA:36,6
DA:37,2
DA:38,2
DA:39,4
DA:42,2
DA:43,2
DA:44,4
DA:47,4
DA:50,6
DA:51,2
DA:52,2
DA:55,2
DA:56,2
DA:59,4
DA:62,2
DA:64,2
DA:66,12
DA:67,3
DA:68,2
DA:69,3
DA:73,2
DA:75,4
DA:76,2
DA:79,2
DA:81,6
DA:85,2
DA:87,2
DA:89,2
DA:90,2
DA:91,2
DA:92,2
DA:93,4
DA:94,2
DA:95,2
DA:96,6
DA:97,2
DA:99,10
DA:100,2
DA:106,2
DA:107,6
DA:108,2
DA:110,6
DA:127,2
DA:128,1
DA:129,1
DA:130,3
DA:131,1
DA:132,1
DA:133,3
DA:143,1
DA:144,1
DA:145,1
DA:146,1
DA:147,1
DA:153,2
DA:157,2
DA:161,2
DA:165,2
DA:169,2
DA:179,2
DA:180,2
DA:181,2
DA:182,2
DA:183,2
DA:185,2
DA:186,2
DA:187,4
DA:194,2
DA:196,2
DA:201,2
DA:206,2
DA:211,2
DA:216,2
DA:221,2
DA:226,2
DA:231,2
DA:236,2
DA:241,2
DA:246,2
DA:259,2
DA:260,2
DA:261,2
LF:89
LH:89
end_of_record
SF:lib\features\game_2048\presentation\widgets\square_board.dart
DA:17,1
DA:19,1
DA:20,1
DA:32,1
DA:34,1
DA:35,2
DA:39,3
DA:40,2
DA:42,3
DA:43,2
DA:47,1
DA:49,1
DA:51,1
DA:53,1
DA:55,1
DA:57,1
DA:59,1
DA:61,1
DA:63,1
DA:65,1
DA:67,1
DA:69,0
DA:77,1
DA:78,1
DA:79,1
DA:80,1
DA:81,1
DA:82,1
DA:87,1
DA:89,1
DA:91,1
DA:93,1
DA:95,1
DA:97,1
DA:105,1
DA:112,1
DA:113,6
DA:114,6
DA:115,1
DA:125,1
DA:126,2
DA:127,1
DA:128,2
DA:144,1
DA:149,1
DA:152,1
DA:153,1
DA:154,1
DA:155,1
DA:156,1
DA:160,1
DA:163,1
DA:164,1
DA:167,1
DA:168,1
DA:174,1
DA:179,1
DA:191,1
DA:193,2
DA:194,2
DA:196,2
DA:197,1
DA:200,1
DA:206,1
DA:209,1
DA:210,0
DA:212,1
DA:215,0
DA:216,0
DA:220,2
DA:221,3
DA:222,2
DA:224,3
DA:225,2
DA:229,3
DA:232,1
DA:234,1
DA:236,1
DA:237,1
DA:238,1
DA:239,1
DA:240,1
DA:241,1
DA:242,3
DA:243,3
DA:248,1
DA:249,2
DA:250,1
DA:251,1
DA:252,1
DA:253,1
DA:254,1
DA:256,1
DA:257,1
DA:259,4
DA:260,4
DA:263,6
DA:265,5
DA:267,2
DA:269,0
DA:271,1
DA:272,1
DA:273,1
DA:276,1
DA:277,1
DA:278,1
DA:279,1
DA:281,1
DA:282,1
DA:284,1
DA:285,1
DA:286,1
DA:289,5
DA:291,1
DA:292,2
DA:293,1
DA:295,2
DA:296,2
DA:298,2
DA:299,1
DA:305,1
DA:307,1
DA:308,1
DA:310,1
DA:312,1
DA:313,1
DA:315,1
DA:316,1
DA:317,1
DA:320,1
DA:322,1
DA:323,1
DA:330,1
DA:332,1
DA:333,1
DA:335,1
DA:337,1
DA:338,1
DA:340,2
DA:341,2
DA:342,2
DA:343,1
DA:344,1
DA:345,2
DA:349,2
DA:350,2
DA:353,2
DA:359,1
DA:360,1
DA:361,1
DA:362,1
DA:364,1
DA:365,1
DA:366,1
DA:369,1
DA:370,1
DA:374,1
DA:376,1
DA:378,1
DA:380,1
DA:381,1
DA:382,1
DA:383,1
DA:386,2
DA:389,1
DA:390,1
DA:398,1
DA:402,1
DA:404,1
DA:409,1
DA:414,1
DA:420,1
DA:424,1
DA:427,1
DA:430,1
DA:431,1
DA:434,1
DA:441,1
DA:444,1
DA:445,1
DA:447,1
DA:456,1
DA:457,1
DA:460,1
DA:483,1
DA:487,1
DA:488,1
DA:489,13
DA:501,1
DA:509,1
DA:511,1
DA:515,1
DA:518,1
DA:520,1
DA:525,1
DA:528,1
DA:543,1
DA:549,1
DA:550,1
DA:553,1
DA:554,1
DA:559,1
DA:561,1
DA:565,1
DA:566,1
DA:570,1
DA:573,1
DA:576,1
DA:577,1
DA:587,1
DA:591,1
DA:593,1
DA:594,1
DA:596,1
DA:600,1
DA:605,1
DA:609,1
DA:632,1
DA:637,1
DA:640,1
DA:655,1
DA:656,0
DA:658,0
DA:660,0
DA:663,1
DA:671,1
DA:674,1
DA:698,1
DA:699,1
DA:701,1
DA:703,1
DA:706,1
DA:765,1
DA:766,1
DA:767,3
DA:768,3
DA:769,1
DA:771,2
DA:772,1
DA:773,1
DA:774,1
DA:775,2
DA:776,2
DA:779,1
DA:780,1
DA:781,1
DA:782,1
DA:791,1
DA:792,3
DA:793,4
DA:794,5
LF:251
LH:243
end_of_record
SF:lib\core\theme\cyber_shadows.dart
DA:43,0
DA:47,0
DA:48,0
DA:49,0
DA:50,0
DA:51,0
DA:53,0
DA:54,0
DA:55,0
LF:9
LH:0
end_of_record
SF:lib\features\game_2048\presentation\widgets\board_reset_animation.dart
DA:10,1
DA:16,1
DA:17,1
DA:27,1
DA:29,1
DA:30,3
DA:31,2
DA:36,2
DA:39,2
DA:40,1
DA:44,3
DA:45,1
DA:46,1
DA:49,1
DA:50,1
DA:53,2
DA:56,1
DA:58,1
DA:60,4
DA:61,0
DA:63,3
DA:66,1
DA:68,2
DA:69,1
DA:72,1
DA:74,1
DA:75,1
DA:76,1
DA:77,1
DA:79,1
DA:80,1
DA:81,3
DA:82,1
DA:83,2
DA:84,2
LF:35
LH:34
end_of_record
SF:lib\features\game_2048\presentation\widgets\rain_effect.dart
DA:10,1
DA:15,1
DA:16,1
DA:25,1
DA:27,1
DA:28,2
DA:31,1
DA:35,4
DA:36,3
DA:37,2
DA:38,3
DA:39,4
DA:40,4
DA:45,1
DA:47,2
DA:48,1
DA:51,1
DA:53,1
DA:54,1
DA:55,1
DA:56,1
DA:57,1
DA:58,1
DA:59,1
DA:60,1
DA:61,2
DA:77,1
DA:94,1
DA:99,1
DA:101,2
DA:104,6
DA:107,3
DA:108,2
DA:109,2
DA:110,1
DA:113,3
DA:118,1
DA:119,1
DA:120,1
DA:121,2
DA:125,1
DA:126,2
DA:129,1
DA:131,4
DA:133,4
DA:135,4
DA:136,1
DA:137,1
DA:139,1
DA:140,1
DA:141,1
DA:147,1
LF:52
LH:52
end_of_record
