SF:lib\core\utils\cyber_performance_detector.dart
DA:20,0
DA:34,12
DA:40,12
DA:41,12
DA:43,12
DA:44,48
DA:49,36
DA:54,12
DA:56,36
DA:60,0
DA:68,12
DA:70,12
DA:78,12
DA:79,24
DA:81,24
DA:82,24
DA:84,12
DA:86,24
DA:87,12
LF:19
LH:17
end_of_record
SF:lib\core\config\tts_config.dart
DA:11,5
LF:1
LH:1
end_of_record
SF:lib\core\constants\cyber_error_messages.dart
DA:10,4
DA:24,0
DA:25,0
DA:42,0
DA:43,0
LF:5
LH:1
end_of_record
SF:lib\core\database\storage_service.dart
DA:35,15
DA:36,15
DA:41,15
DA:44,15
DA:45,15
DA:51,4
DA:60,4
DA:61,4
DA:69,12
DA:70,8
DA:71,8
DA:72,8
DA:74,4
DA:78,5
DA:79,10
DA:82,3
DA:84,2
DA:88,2
DA:94,15
DA:95,15
DA:98,3
DA:99,9
DA:102,3
DA:103,6
DA:104,3
DA:106,4
DA:108,1
DA:112,1
DA:114,1
DA:119,5
DA:124,5
DA:125,5
DA:126,15
DA:127,10
DA:130,10
DA:132,15
DA:135,5
DA:136,5
DA:137,5
DA:138,5
DA:141,3
DA:142,3
DA:143,3
DA:144,9
DA:147,6
DA:148,12
DA:149,6
DA:151,8
DA:153,1
DA:157,1
DA:159,1
DA:163,8
DA:165,10
DA:167,16
DA:171,12
DA:173,12
DA:175,0
DA:177,0
DA:178,0
DA:181,5
DA:182,10
DA:186,3
DA:187,3
DA:188,9
DA:191,3
DA:197,3
DA:198,6
DA:200,9
DA:202,1
DA:206,1
DA:211,2
DA:213,2
DA:214,2
DA:215,2
DA:216,4
DA:217,2
DA:219,1
DA:223,1
DA:229,3
DA:231,3
DA:232,6
DA:234,0
DA:238,0
DA:244,39
DA:245,9
DA:247,39
DA:248,2
DA:249,4
DA:251,13
DA:252,26
DA:253,4
DA:254,8
DA:256,39
DA:257,3
DA:258,6
DA:260,39
DA:261,5
DA:262,10
DA:264,13
DA:265,26
DA:266,3
DA:267,6
DA:269,12
DA:270,24
DA:271,2
DA:272,4
DA:274,11
DA:275,22
DA:276,0
DA:277,0
DA:279,11
DA:280,22
DA:281,1
DA:282,2
DA:285,3
DA:286,1
DA:287,2
DA:290,3
DA:291,1
DA:292,2
DA:295,0
DA:296,0
DA:297,0
DA:298,0
DA:301,0
DA:302,0
DA:303,0
DA:306,0
DA:312,0
DA:313,0
DA:314,0
DA:316,0
DA:320,0
DA:325,0
DA:330,0
DA:331,0
DA:332,0
DA:333,0
DA:335,0
DA:339,0
DA:345,0
DA:347,0
DA:348,0
DA:350,0
DA:354,0
DA:360,0
DA:366,0
DA:367,0
DA:368,0
DA:369,0
DA:370,0
DA:371,0
DA:372,0
DA:373,0
DA:374,0
DA:376,0
DA:379,0
DA:383,0
DA:389,1
DA:390,1
DA:391,3
DA:394,1
DA:399,1
DA:400,2
DA:401,2
DA:403,0
DA:407,0
DA:412,1
DA:416,1
DA:417,1
DA:418,1
DA:419,2
DA:420,2
DA:422,0
DA:426,0
LF:175
LH:126
end_of_record
SF:lib\core\utils\cyber_logger.dart
DA:23,0
DA:40,1
DA:41,1
DA:42,2
DA:43,1
DA:47,0
DA:48,0
DA:49,0
DA:51,0
DA:53,0
DA:56,0
DA:57,0
DA:59,0
DA:60,0
DA:66,0
DA:72,1
DA:73,1
DA:75,1
DA:76,1
DA:77,2
DA:78,1
DA:82,0
DA:83,0
DA:84,0
DA:85,0
DA:86,0
DA:87,0
DA:88,0
DA:96,1
DA:97,1
DA:99,1
DA:105,0
DA:108,0
DA:109,0
DA:110,0
DA:118,1
DA:130,11
DA:136,11
DA:137,11
DA:138,11
DA:143,0
DA:146,0
DA:147,0
DA:148,0
DA:150,0
DA:152,0
DA:164,17
DA:169,85
DA:171,1
DA:172,1
DA:174,0
DA:181,11
DA:190,11
DA:191,22
DA:192,44
DA:193,33
DA:194,3
DA:195,3
DA:198,8
DA:199,24
DA:201,11
DA:202,33
DA:208,11
DA:211,11
DA:212,13
DA:217,8
DA:221,8
DA:222,8
DA:226,8
DA:227,8
DA:237,1
DA:241,1
LF:72
LH:43
end_of_record
SF:lib\core\utils\safe_string.dart
DA:8,4
DA:9,4
DA:10,8
DA:11,8
DA:12,4
LF:5
LH:5
end_of_record
SF:lib\core\utils\text_processing.dart
DA:6,0
DA:9,6
DA:15,12
DA:21,12
DA:24,1
DA:25,5
DA:29,3
DA:30,3
DA:31,6
DA:35,3
DA:36,9
LF:11
LH:10
end_of_record
SF:lib\core\utils\tts_cache_manager.dart
DA:44,9
DA:50,27
DA:55,24
DA:58,1
DA:65,1
DA:87,1
DA:88,1
DA:89,1
DA:90,4
DA:91,0
DA:93,2
DA:95,6
DA:101,9
DA:102,10
DA:103,9
DA:109,1
DA:112,1
DA:113,1
DA:117,1
DA:119,2
DA:120,1
DA:121,4
DA:122,1
DA:123,1
DA:127,0
DA:131,0
DA:140,1
DA:141,1
DA:144,1
DA:146,2
DA:147,1
DA:148,1
DA:152,2
DA:153,1
DA:158,5
DA:160,2
DA:161,6
DA:162,1
DA:163,2
DA:164,2
DA:165,1
DA:170,4
DA:172,5
DA:173,4
DA:174,3
DA:176,2
DA:177,1
DA:178,1
DA:180,1
DA:182,3
DA:183,4
DA:187,5
DA:188,2
DA:189,1
DA:191,0
DA:195,1
DA:196,2
DA:200,1
DA:207,2
DA:209,2
DA:210,1
DA:211,1
DA:212,1
DA:213,2
DA:216,0
DA:220,0
DA:225,1
DA:226,2
DA:230,1
DA:235,0
DA:239,0
DA:243,1
DA:248,1
DA:249,1
DA:251,1
DA:252,2
DA:253,1
DA:254,2
DA:255,1
DA:256,4
DA:257,2
DA:258,2
DA:260,1
DA:261,1
DA:262,1
DA:263,1
DA:264,1
DA:265,2
DA:269,1
DA:273,1
DA:275,0
DA:279,0
DA:296,5
DA:302,1
DA:303,3
DA:304,4
DA:306,5
DA:309,1
DA:311,3
DA:322,5
DA:328,1
DA:329,3
DA:330,4
DA:332,5
DA:335,1
DA:336,3
DA:345,1
LF:107
LH:97
end_of_record
SF:lib\features\audio\domain\tts_audio_buffer.dart
DA:22,1
DA:40,3
DA:43,3
DA:46,5
DA:49,3
DA:52,1
DA:53,2
DA:54,5
DA:58,0
DA:59,0
DA:60,0
DA:61,0
DA:62,0
DA:67,4
DA:70,1
DA:71,2
DA:72,2
DA:76,1
DA:77,2
DA:78,2
DA:82,0
DA:85,0
DA:88,9
DA:91,0
LF:24
LH:16
end_of_record
SF:lib\features\audio\domain\tts_audio_models.dart
DA:19,2
DA:42,3
LF:2
LH:2
end_of_record
SF:lib\features\audio\domain\tts_audio_state.dart
DA:32,1
DA:45,3
DA:54,0
DA:55,0
DA:56,0
DA:57,0
DA:58,0
DA:59,0
DA:70,3
DA:87,1
DA:107,1
DA:127,1
DA:149,0
LF:13
LH:6
end_of_record
SF:lib\features\audio\providers\tts_audio_notifier.dart
DA:11,6
DA:12,3
DA:51,0
DA:52,0
DA:54,0
DA:55,0
DA:57,0
DA:58,0
DA:63,1
DA:64,1
DA:71,0
DA:72,0
DA:73,0
DA:76,3
DA:78,12
DA:79,12
DA:80,9
DA:82,9
DA:83,3
DA:84,3
DA:85,3
DA:86,6
DA:90,12
DA:91,3
DA:95,9
DA:96,0
DA:97,0
DA:101,6
DA:105,3
DA:106,3
DA:107,3
DA:109,9
DA:110,3
DA:113,3
DA:114,4
DA:116,0
DA:117,0
DA:118,0
DA:121,0
DA:128,1
DA:129,1
DA:130,2
DA:131,1
DA:132,0
DA:135,1
DA:136,1
DA:138,1
DA:141,0
DA:142,0
DA:143,0
DA:144,0
DA:145,0
DA:146,0
DA:147,0
DA:148,0
DA:151,0
DA:152,0
DA:153,0
DA:154,0
DA:155,0
DA:156,0
DA:157,0
DA:158,0
DA:161,1
DA:163,0
DA:165,2
DA:166,1
DA:167,1
DA:168,2
DA:169,2
DA:170,2
DA:171,1
DA:172,1
DA:173,1
DA:176,1
DA:181,1
DA:182,1
DA:183,2
DA:184,1
DA:186,2
DA:187,2
DA:189,1
DA:192,1
DA:193,1
DA:194,3
DA:195,2
DA:196,2
DA:197,1
DA:198,1
DA:199,1
DA:205,0
DA:206,0
DA:207,0
DA:208,0
DA:209,0
DA:210,0
DA:211,0
DA:212,0
DA:213,0
DA:214,0
DA:215,0
DA:216,0
DA:217,0
DA:222,0
DA:223,0
DA:224,0
DA:225,0
DA:229,0
DA:230,0
DA:231,0
DA:235,0
DA:236,0
DA:240,0
DA:242,0
DA:245,0
DA:246,0
DA:247,0
DA:248,0
DA:249,0
DA:250,0
DA:251,0
DA:252,0
DA:255,0
DA:259,0
DA:260,0
DA:263,0
DA:264,0
DA:266,0
DA:268,0
DA:269,0
DA:273,0
DA:277,0
DA:279,0
DA:280,0
DA:281,0
DA:282,0
DA:283,0
DA:285,0
DA:287,0
DA:288,0
DA:292,0
DA:294,0
DA:302,1
DA:303,2
DA:304,1
DA:305,1
DA:306,1
DA:310,1
DA:312,2
DA:313,1
DA:314,0
DA:317,1
DA:318,0
DA:321,2
DA:322,1
DA:324,2
DA:326,0
DA:329,2
DA:333,0
DA:337,0
DA:343,1
DA:345,2
DA:346,1
DA:347,0
DA:350,2
DA:351,1
DA:353,1
DA:357,0
DA:361,0
DA:369,1
DA:370,1
DA:371,1
DA:372,2
DA:373,1
DA:376,0
DA:380,2
DA:381,3
DA:385,1
DA:386,1
DA:387,1
DA:390,0
DA:391,0
DA:392,0
DA:393,0
DA:394,0
DA:395,0
DA:398,0
DA:400,0
DA:406,3
DA:407,0
DA:411,0
DA:412,0
DA:413,0
DA:414,0
DA:415,0
DA:417,0
DA:419,0
DA:424,1
DA:425,2
DA:426,1
DA:428,1
DA:429,1
DA:430,1
DA:431,1
DA:440,1
DA:441,2
DA:442,1
DA:444,1
DA:447,3
DA:448,0
DA:452,1
DA:453,2
DA:454,1
DA:455,1
DA:456,1
DA:457,1
DA:458,1
DA:461,1
DA:462,2
DA:464,1
DA:465,1
DA:466,4
DA:470,1
DA:471,1
DA:472,1
DA:473,2
DA:474,2
DA:475,1
DA:476,1
DA:481,2
DA:482,1
DA:483,0
DA:484,0
DA:488,0
DA:491,0
DA:497,0
DA:499,0
DA:502,0
DA:503,0
DA:504,0
DA:508,0
DA:509,0
DA:510,0
DA:512,0
DA:513,0
DA:514,0
DA:519,1
DA:521,0
DA:524,2
DA:525,2
DA:528,0
DA:529,0
DA:530,0
DA:533,0
DA:534,0
DA:535,0
DA:539,0
DA:540,0
DA:541,0
DA:543,0
DA:544,0
DA:545,0
DA:548,0
DA:552,0
DA:564,0
DA:566,0
DA:567,0
DA:568,0
DA:570,0
DA:571,0
DA:572,0
DA:573,0
DA:577,0
DA:578,0
DA:579,0
DA:580,0
DA:581,0
DA:582,0
DA:583,0
DA:586,0
DA:588,0
DA:589,0
DA:590,0
DA:591,0
DA:596,0
DA:597,0
DA:598,0
DA:599,0
DA:600,0
DA:601,0
DA:602,0
DA:606,0
DA:607,0
DA:608,0
DA:609,0
DA:610,0
DA:611,0
DA:612,0
DA:622,0
DA:623,0
DA:624,0
DA:625,0
DA:628,0
DA:629,0
DA:630,0
DA:633,0
DA:635,0
DA:636,0
DA:638,0
DA:639,0
DA:640,0
DA:641,0
DA:649,0
DA:651,0
DA:653,0
DA:655,0
DA:656,0
DA:657,0
DA:658,0
DA:659,0
DA:661,0
DA:663,0
DA:664,0
DA:665,0
DA:666,0
DA:668,0
DA:670,0
DA:671,0
DA:672,0
DA:673,0
DA:674,0
DA:676,0
DA:678,0
DA:679,0
DA:680,0
DA:681,0
DA:682,0
DA:683,0
DA:685,0
DA:689,1
DA:690,1
DA:691,1
DA:692,2
DA:693,2
DA:695,2
DA:696,1
DA:697,1
DA:698,1
DA:699,1
DA:700,1
DA:704,1
DA:706,1
DA:707,1
DA:708,1
DA:709,1
DA:710,0
DA:714,1
DA:715,1
DA:716,1
DA:717,1
DA:718,1
DA:719,1
DA:721,1
DA:727,0
DA:728,0
DA:729,0
LF:366
LH:146
end_of_record
SF:lib\features\settings\providers\settings_provider.dart
DA:9,22
DA:10,4
DA:11,4
DA:36,11
DA:37,22
DA:38,22
DA:39,22
DA:41,22
DA:42,2
DA:43,2
DA:44,2
DA:45,2
DA:46,1
DA:48,22
DA:49,22
DA:50,22
DA:51,22
DA:52,22
DA:53,22
DA:54,22
DA:56,22
DA:57,22
DA:60,11
DA:64,1
DA:65,1
DA:66,1
DA:68,1
DA:70,1
DA:74,1
DA:78,1
DA:79,1
DA:80,1
DA:81,1
DA:84,1
DA:85,1
DA:86,1
DA:87,1
DA:90,2
DA:91,2
DA:92,2
DA:93,1
DA:94,1
DA:95,1
DA:98,2
DA:99,2
DA:100,2
DA:103,1
DA:104,1
DA:105,1
DA:106,1
DA:109,3
DA:110,3
DA:111,3
DA:112,3
DA:115,1
DA:116,1
DA:117,1
DA:118,1
DA:121,1
DA:122,1
DA:123,1
DA:124,1
DA:127,0
DA:128,0
DA:129,0
DA:130,0
DA:133,1
DA:134,1
DA:135,1
DA:136,0
DA:138,1
DA:139,1
LF:72
LH:67
end_of_record
SF:lib\features\audio\services\tts_engine_service.dart
DA:27,15
DA:28,0
DA:29,0
DA:31,0
DA:33,0
DA:34,0
DA:35,0
DA:74,3
DA:76,6
DA:77,0
DA:78,0
DA:79,0
DA:80,0
DA:81,0
DA:83,0
DA:85,0
DA:86,0
DA:87,0
DA:89,0
DA:93,0
DA:95,0
DA:97,0
DA:99,0
DA:100,0
DA:102,0
DA:106,0
DA:107,0
DA:108,0
DA:112,0
DA:115,0
DA:119,0
DA:124,1
DA:126,2
DA:127,0
DA:129,1
DA:131,2
DA:135,1
DA:137,1
DA:155,2
DA:162,1
DA:163,5
DA:164,1
DA:165,2
DA:171,2
DA:172,0
DA:173,0
DA:174,0
DA:175,0
DA:176,1
DA:177,2
DA:178,1
DA:179,2
DA:180,2
DA:181,4
DA:182,2
DA:183,4
DA:184,2
DA:186,4
DA:187,0
DA:188,0
DA:189,2
DA:190,4
DA:191,2
DA:192,4
DA:193,1
DA:194,2
DA:199,1
DA:202,1
DA:206,1
DA:209,1
DA:222,0
DA:224,0
DA:225,0
DA:227,0
DA:228,0
DA:231,0
DA:236,0
DA:238,0
DA:239,0
DA:242,0
DA:243,0
DA:244,0
DA:245,0
DA:246,0
DA:247,0
DA:248,0
DA:253,0
DA:254,0
DA:255,0
DA:257,0
DA:258,0
DA:259,0
DA:261,0
DA:264,0
DA:266,0
DA:270,0
DA:272,0
DA:273,0
DA:275,0
DA:276,0
DA:280,0
DA:282,0
DA:283,0
DA:284,0
DA:285,0
DA:287,0
DA:288,0
DA:291,0
DA:292,0
DA:293,0
DA:294,0
DA:298,0
DA:307,2
DA:309,0
DA:315,0
DA:316,0
DA:317,0
DA:319,0
DA:323,0
DA:325,0
DA:376,6
DA:385,12
DA:388,6
DA:391,0
DA:394,0
DA:397,0
DA:398,18
DA:399,0
DA:400,10
DA:401,4
DA:402,8
DA:405,12
DA:409,11
DA:423,4
DA:424,2
DA:425,4
DA:426,3
DA:427,11
DA:428,11
DA:429,22
DA:431,22
DA:432,11
DA:438,11
DA:449,44
DA:450,0
DA:451,0
DA:452,0
DA:455,44
DA:456,0
DA:460,22
DA:461,2
DA:464,22
DA:468,11
DA:474,0
DA:476,0
DA:477,0
DA:480,11
DA:481,33
DA:484,2
DA:485,2
DA:487,8
DA:488,3
DA:489,1
DA:492,2
DA:493,4
DA:494,4
DA:495,4
DA:496,4
DA:500,0
DA:501,0
DA:502,0
DA:503,0
DA:504,0
DA:507,0
DA:513,0
DA:514,0
DA:515,0
DA:516,0
DA:517,0
DA:520,0
DA:526,4
DA:528,4
DA:529,3
DA:530,3
DA:531,3
DA:532,3
DA:533,3
DA:534,3
DA:535,1
DA:536,0
DA:537,0
DA:542,4
DA:543,12
DA:544,4
DA:547,4
DA:548,4
DA:549,2
DA:550,2
DA:554,3
DA:555,3
DA:559,1
DA:560,1
DA:563,0
DA:565,1
DA:566,1
DA:567,1
DA:571,0
DA:572,0
DA:575,2
DA:581,4
DA:582,0
DA:583,0
DA:586,3
DA:587,0
DA:588,0
DA:594,8
DA:597,8
DA:598,8
DA:599,32
DA:600,24
DA:601,16
DA:602,16
DA:603,16
DA:604,16
DA:605,8
DA:606,24
DA:607,24
DA:608,24
DA:609,24
DA:610,16
DA:611,8
DA:614,11
DA:616,11
DA:618,27
DA:619,27
DA:620,27
DA:622,36
DA:623,27
DA:625,9
DA:627,18
DA:629,3
DA:633,3
DA:636,9
DA:638,0
DA:642,0
DA:644,0
DA:648,0
DA:650,0
DA:651,0
DA:659,0
DA:661,0
DA:662,0
DA:664,0
DA:665,0
DA:667,0
DA:668,0
DA:669,0
DA:670,0
DA:677,11
DA:679,11
DA:680,20
DA:681,10
DA:683,8
DA:685,15
DA:686,7
DA:687,28
DA:689,9
DA:691,6
DA:693,2
DA:694,1
DA:699,8
DA:700,2
DA:703,1
DA:707,1
DA:716,0
DA:717,0
DA:718,0
DA:723,0
DA:724,0
DA:727,2
DA:728,6
DA:729,8
DA:730,6
DA:731,6
DA:732,6
DA:733,2
DA:736,1
DA:737,2
DA:738,1
DA:739,2
DA:740,1
DA:747,3
DA:749,1
DA:751,3
DA:752,5
DA:755,1
DA:756,2
DA:757,0
DA:758,0
DA:759,0
DA:771,1
DA:772,1
DA:776,2
DA:777,2
DA:779,4
DA:780,2
DA:783,2
DA:788,1
DA:789,1
DA:790,2
DA:791,2
DA:792,1
DA:793,1
DA:797,1
DA:798,1
DA:799,2
DA:800,1
DA:801,2
DA:802,1
DA:807,1
DA:808,1
DA:809,2
DA:810,2
DA:811,1
DA:815,2
DA:816,4
DA:817,4
DA:818,4
DA:819,4
DA:820,4
DA:822,2
DA:823,2
DA:829,2
DA:830,8
DA:831,2
DA:833,4
DA:834,4
DA:835,2
DA:840,6
DA:844,6
DA:848,6
DA:849,6
DA:853,8
DA:860,2
DA:861,2
DA:863,2
DA:864,4
DA:866,6
DA:868,4
DA:869,6
DA:871,4
DA:872,2
DA:873,1
DA:876,2
DA:877,2
DA:878,2
DA:879,0
DA:880,0
DA:884,3
DA:888,2
DA:891,3
DA:895,1
DA:900,1
DA:901,3
DA:902,4
DA:903,1
DA:905,3
DA:908,1
DA:909,1
DA:911,2
DA:915,1
DA:917,1
DA:918,1
DA:921,1
DA:923,3
DA:927,1
DA:931,1
DA:932,1
DA:933,1
DA:935,6
DA:939,6
DA:941,4
DA:942,2
DA:943,4
DA:944,4
DA:946,1
DA:947,1
DA:951,1
DA:953,3
DA:957,1
DA:959,1
DA:960,1
DA:961,1
DA:962,1
DA:966,1
DA:968,3
DA:972,1
DA:974,1
DA:975,1
DA:977,1
DA:978,1
DA:981,1
DA:983,3
DA:987,1
DA:989,2
DA:990,1
DA:996,3
DA:997,6
DA:998,3
DA:1001,6
DA:1003,4
DA:1009,0
DA:1011,0
DA:1012,0
DA:1013,0
DA:1015,0
DA:1016,0
DA:1017,0
DA:1020,0
DA:1022,0
DA:1024,0
DA:1025,0
DA:1028,0
DA:1032,0
DA:1038,8
DA:1039,1
DA:1041,1
DA:1042,1
DA:1043,1
DA:1046,2
DA:1047,1
DA:1052,0
DA:1053,0
DA:1057,2
DA:1058,7
DA:1060,2
DA:1062,1
DA:1063,0
DA:1067,0
DA:1069,0
DA:1070,0
DA:1072,1
DA:1073,1
DA:1077,1
DA:1079,2
DA:1080,2
DA:1083,1
DA:1088,4
DA:1089,6
DA:1092,0
DA:1096,0
DA:1098,0
DA:1101,0
DA:1102,0
DA:1107,1
DA:1108,4
DA:1111,1
DA:1119,2
DA:1120,7
DA:1122,6
DA:1124,2
DA:1125,0
DA:1129,2
DA:1130,2
DA:1135,2
DA:1140,2
DA:1141,4
DA:1143,2
DA:1144,4
DA:1145,2
DA:1149,2
DA:1150,4
DA:1151,2
DA:1152,2
DA:1154,4
DA:1155,2
DA:1158,2
DA:1159,2
DA:1162,4
DA:1163,4
DA:1164,4
DA:1165,0
DA:1167,2
DA:1168,4
DA:1169,4
DA:1170,6
DA:1177,1
DA:1180,1
DA:1181,2
DA:1184,2
DA:1186,1
DA:1187,1
DA:1188,0
DA:1191,1
DA:1192,1
DA:1193,0
DA:1194,0
DA:1196,0
DA:1198,0
DA:1202,0
DA:1205,4
DA:1207,0
DA:1209,1
DA:1210,2
DA:1211,3
DA:1212,0
DA:1215,2
DA:1217,3
DA:1219,0
DA:1220,0
DA:1223,0
DA:1224,0
DA:1226,0
DA:1227,0
DA:1229,0
DA:1230,0
DA:1234,0
DA:1236,0
DA:1237,0
DA:1238,0
DA:1240,0
DA:1241,0
DA:1244,0
DA:1248,0
DA:1250,0
DA:1255,0
DA:1258,1
DA:1259,2
DA:1260,2
DA:1261,2
DA:1266,1
DA:1268,2
DA:1269,0
DA:1272,2
DA:1273,2
DA:1274,2
DA:1276,2
DA:1280,3
DA:1288,6
DA:1289,3
DA:1290,3
DA:1291,3
DA:1292,3
DA:1296,2
DA:1297,1
DA:1299,0
DA:1300,0
DA:1301,0
DA:1304,3
DA:1305,0
DA:1308,3
DA:1309,1
DA:1312,0
DA:1314,3
DA:1315,0
DA:1317,6
LF:556
LH:356
end_of_record
SF:lib\features\audio\services\ambient_service.dart
DA:37,0
DA:60,0
DA:63,0
DA:64,0
DA:65,0
DA:74,0
DA:77,0
DA:81,0
DA:93,1
DA:95,2
DA:98,0
DA:100,0
DA:105,11
DA:106,11
DA:110,0
DA:115,1
DA:116,1
DA:117,0
DA:121,1
DA:124,0
DA:128,1
DA:132,1
DA:137,1
DA:139,0
DA:148,3
DA:151,1
DA:154,0
DA:156,0
DA:158,0
DA:159,0
DA:160,0
DA:163,0
DA:165,0
DA:169,0
DA:171,0
DA:182,1
DA:183,1
DA:185,1
DA:193,1
DA:199,3
DA:200,1
DA:201,2
DA:202,1
DA:204,1
DA:205,1
DA:207,2
DA:210,2
DA:211,1
DA:213,2
DA:214,3
DA:215,1
DA:216,4
DA:217,3
DA:221,3
DA:224,0
DA:225,0
DA:228,4
DA:231,11
DA:232,3
DA:234,1
DA:235,2
DA:236,2
DA:237,3
DA:240,4
DA:241,3
DA:244,2
DA:248,1
DA:251,1
DA:252,1
DA:253,1
DA:254,1
DA:255,2
DA:257,1
DA:258,1
DA:259,1
DA:260,1
DA:262,1
DA:263,1
DA:264,1
DA:265,1
DA:266,1
DA:267,1
DA:268,1
DA:269,1
DA:270,2
DA:271,1
DA:272,1
DA:274,1
DA:275,1
DA:276,1
DA:277,1
DA:278,1
DA:284,1
DA:287,0
DA:294,2
DA:298,1
DA:310,1
DA:314,1
DA:318,1
LF:99
LH:73
end_of_record
SF:lib\features\library\domain\book_model.dart
DA:12,2
DA:20,4
DA:21,2
DA:22,2
DA:23,2
DA:24,2
DA:25,8
DA:28,2
DA:29,1
DA:30,1
DA:31,2
DA:32,2
DA:33,2
DA:34,1
DA:35,1
DA:38,2
DA:39,1
DA:40,1
DA:41,1
DA:42,0
DA:43,0
DA:47,1
DA:48,3
DA:51,1
DA:52,4
DA:61,6
DA:63,8
DA:65,4
DA:66,2
DA:67,4
LF:30
LH:28
end_of_record
SF:lib\features\library\services\default_book_service.dart
DA:20,0
DA:28,1
DA:35,1
DA:37,2
DA:38,1
DA:39,2
DA:44,0
DA:45,0
DA:47,0
DA:48,0
DA:49,0
DA:50,0
DA:51,0
DA:53,0
DA:55,0
DA:56,0
DA:57,0
DA:61,0
DA:63,0
DA:64,0
DA:65,0
DA:66,0
DA:67,0
DA:71,0
DA:78,0
DA:82,0
DA:88,0
DA:89,0
DA:90,0
DA:91,0
DA:101,0
DA:103,0
DA:104,0
DA:109,0
DA:113,0
DA:114,0
DA:116,0
DA:117,0
DA:120,0
DA:123,0
DA:124,0
DA:125,0
DA:126,0
DA:131,0
DA:132,0
DA:136,0
DA:140,0
DA:143,0
DA:147,0
DA:149,0
DA:152,0
DA:155,0
DA:160,0
DA:161,0
DA:162,0
DA:163,0
DA:164,0
DA:165,0
DA:169,0
DA:171,0
DA:178,0
DA:179,0
DA:186,0
DA:188,0
DA:190,0
DA:192,0
DA:193,0
DA:195,0
DA:199,0
DA:200,0
DA:201,0
DA:203,0
DA:205,0
DA:211,0
DA:212,0
DA:213,0
DA:214,0
DA:216,0
DA:218,0
DA:224,0
DA:225,0
DA:229,0
DA:230,0
DA:232,0
DA:233,0
DA:234,0
DA:236,0
DA:238,0
DA:245,0
LF:89
LH:5
end_of_record
SF:lib\features\reader\domain\text_parser.dart
DA:10,10
DA:17,6
DA:18,18
DA:22,6
DA:23,12
DA:26,12
DA:30,6
DA:31,6
DA:32,6
DA:33,6
DA:36,18
DA:38,6
DA:39,6
DA:43,6
DA:45,18
DA:46,12
DA:47,6
DA:49,6
DA:50,12
DA:51,6
DA:52,6
DA:57,12
DA:62,12
DA:63,1
DA:64,2
DA:65,1
DA:66,1
DA:69,6
DA:70,6
DA:75,6
DA:85,1
DA:86,1
DA:89,2
DA:90,1
DA:91,2
DA:92,3
DA:96,1
DA:99,2
DA:102,2
DA:103,2
DA:104,4
DA:110,4
DA:111,4
DA:112,2
DA:114,2
LF:45
LH:45
end_of_record
SF:lib\features\reader\providers\reader_provider.dart
DA:21,9
DA:22,0
DA:23,0
DA:24,0
DA:25,0
DA:26,0
DA:28,0
DA:29,0
DA:30,0
DA:69,6
DA:72,2
DA:74,6
DA:80,18
DA:81,18
DA:82,18
DA:86,1
DA:88,2
DA:89,4
DA:93,1
DA:96,3
DA:98,3
DA:101,1
DA:102,0
DA:103,0
DA:108,1
DA:109,0
DA:110,0
DA:111,0
DA:112,0
DA:118,1
DA:120,5
DA:122,3
DA:123,1
DA:124,1
DA:126,1
DA:127,1
DA:129,2
DA:133,2
DA:134,0
DA:135,0
DA:140,3
DA:142,3
DA:144,0
DA:147,1
DA:151,1
DA:158,1
DA:160,1
DA:162,0
DA:163,3
DA:164,2
DA:165,1
DA:170,1
DA:172,1
DA:174,0
DA:175,2
DA:180,2
DA:181,2
DA:182,6
DA:183,1
DA:186,3
DA:187,1
DA:190,1
DA:193,6
DA:194,2
DA:195,1
DA:199,1
DA:200,0
DA:204,2
DA:205,0
DA:208,0
DA:214,0
DA:216,0
DA:219,8
DA:220,6
DA:221,2
DA:222,6
DA:223,8
DA:224,6
DA:225,4
DA:226,4
DA:229,0
DA:230,6
DA:231,4
DA:234,1
DA:235,2
DA:238,3
DA:240,6
DA:241,6
DA:242,2
DA:246,6
DA:247,6
DA:248,1
DA:253,3
DA:258,1
DA:259,2
DA:262,2
DA:263,3
DA:270,1
DA:271,1
DA:275,1
DA:276,2
DA:277,0
DA:281,3
DA:282,6
DA:284,0
DA:285,0
DA:286,0
DA:288,18
DA:289,9
DA:292,6
DA:299,6
DA:300,6
DA:303,6
DA:304,6
DA:305,6
DA:306,6
DA:309,6
DA:310,18
DA:311,18
DA:314,5
DA:315,15
DA:316,6
DA:317,6
DA:318,3
DA:319,6
DA:325,2
DA:326,4
DA:327,2
DA:328,2
DA:332,6
DA:333,36
DA:334,12
DA:336,6
DA:339,12
DA:340,0
DA:344,1
DA:350,1
DA:352,1
DA:353,1
DA:357,3
DA:358,3
DA:359,1
DA:360,1
DA:361,1
DA:362,1
DA:365,1
DA:373,0
DA:377,0
DA:380,1
DA:381,1
DA:386,6
DA:393,6
DA:395,6
DA:396,6
DA:399,12
DA:400,6
DA:401,6
DA:402,6
DA:408,0
DA:412,0
DA:418,6
DA:419,6
DA:428,2
DA:430,6
DA:434,2
DA:436,0
DA:437,0
DA:438,0
DA:440,0
DA:441,0
DA:442,0
DA:444,0
DA:445,0
DA:446,0
DA:447,0
DA:449,0
DA:454,1
DA:455,2
DA:459,2
DA:460,10
DA:461,4
DA:462,4
DA:463,2
DA:466,4
DA:467,0
DA:470,0
DA:475,4
DA:476,0
DA:482,2
DA:483,4
DA:484,4
DA:485,4
DA:486,2
DA:489,4
DA:490,0
DA:493,0
DA:498,4
DA:499,0
DA:505,4
DA:508,3
DA:510,6
DA:511,12
DA:512,2
DA:513,2
DA:515,12
DA:523,12
DA:524,12
DA:525,1
DA:526,1
DA:528,9
DA:533,3
DA:534,3
DA:535,3
DA:538,6
DA:539,0
DA:542,0
DA:547,6
DA:548,0
DA:553,3
DA:554,9
DA:555,3
DA:556,3
DA:557,3
DA:558,6
DA:560,6
DA:563,1
DA:564,2
DA:565,4
DA:566,4
DA:567,4
DA:569,2
DA:570,0
DA:572,1
DA:573,2
DA:574,0
DA:577,0
DA:583,2
DA:584,4
DA:587,2
DA:590,2
DA:591,4
DA:592,4
DA:593,2
DA:594,2
DA:597,2
DA:598,2
DA:599,2
DA:602,2
DA:603,2
DA:604,0
DA:608,0
DA:612,2
DA:613,2
DA:614,2
DA:625,0
DA:626,0
DA:627,0
DA:631,0
DA:632,0
DA:633,0
DA:634,0
DA:637,0
DA:638,0
DA:641,0
DA:642,0
DA:646,0
DA:649,0
DA:650,0
DA:651,0
DA:657,0
DA:659,0
DA:661,0
DA:662,0
DA:664,0
DA:665,0
DA:666,0
DA:670,0
DA:676,0
DA:677,0
DA:678,0
DA:679,0
DA:681,0
DA:682,0
DA:683,0
DA:684,0
DA:685,0
DA:686,0
DA:687,0
DA:688,0
DA:689,0
DA:692,0
DA:693,0
DA:695,0
DA:699,0
DA:700,0
DA:701,0
DA:702,0
DA:705,0
DA:706,0
DA:709,4
DA:711,12
DA:712,4
LF:302
LH:198
end_of_record
SF:lib\core\theme\cyber_shadows.dart
DA:43,1
DA:47,1
DA:48,1
DA:49,2
DA:50,1
DA:51,1
DA:53,1
DA:54,2
DA:55,1
LF:9
LH:9
end_of_record
SF:lib\core\database\local_storage_service.dart
DA:26,1
DA:27,1
DA:31,1
DA:41,1
DA:51,1
DA:52,1
DA:54,1
DA:55,1
DA:57,1
DA:58,1
DA:62,1
DA:64,1
DA:66,1
DA:67,1
DA:71,1
DA:73,1
DA:75,1
DA:77,1
DA:79,1
DA:81,1
DA:85,1
DA:87,1
DA:89,1
DA:90,1
DA:92,1
DA:93,1
DA:95,1
DA:97,1
DA:101,1
DA:107,1
DA:109,1
DA:111,1
DA:113,1
DA:115,1
DA:119,1
DA:120,1
DA:122,1
DA:123,1
DA:125,1
DA:126,1
DA:128,1
DA:130,1
DA:132,1
DA:133,1
DA:135,1
DA:136,1
DA:138,1
DA:139,1
DA:141,1
DA:143,1
DA:145,1
DA:146,1
DA:148,1
DA:150,1
DA:152,1
DA:153,1
DA:155,1
DA:157,1
DA:159,1
DA:160,1
DA:162,1
DA:164,1
DA:168,1
DA:169,1
DA:171,1
DA:173,1
DA:177,0
DA:178,0
DA:180,0
DA:182,0
DA:186,0
DA:188,0
DA:190,0
DA:192,0
DA:194,0
DA:196,0
DA:198,0
DA:204,0
DA:212,0
DA:217,0
DA:219,0
DA:221,0
LF:82
LH:66
end_of_record
SF:lib\features\audio\services\sfx_service.dart
DA:21,3
DA:23,1
DA:24,1
DA:25,1
DA:26,1
DA:34,1
DA:35,2
DA:39,2
DA:40,1
DA:51,2
DA:52,1
DA:63,2
DA:64,1
DA:75,2
DA:76,1
DA:87,3
DA:90,3
DA:91,3
DA:92,1
DA:93,0
DA:94,1
DA:95,1
DA:97,0
DA:98,0
DA:99,0
DA:104,3
DA:108,3
DA:110,2
DA:111,1
DA:112,3
DA:113,4
DA:114,2
DA:115,1
DA:119,1
DA:126,1
DA:127,1
DA:128,1
DA:129,1
DA:143,1
DA:152,3
DA:153,1
DA:154,2
DA:155,2
DA:157,1
DA:158,2
DA:162,7
DA:164,2
DA:165,1
DA:169,1
DA:170,5
DA:175,1
DA:176,1
DA:177,1
DA:178,7
DA:180,5
DA:184,3
DA:186,4
DA:187,4
DA:188,3
DA:190,2
DA:194,1
DA:204,2
DA:205,2
DA:207,1
DA:208,2
DA:209,3
DA:211,2
DA:212,3
DA:214,1
DA:215,1
DA:216,1
DA:217,1
DA:218,2
DA:219,1
DA:220,1
DA:221,2
DA:222,3
DA:224,1
DA:227,1
DA:229,1
DA:234,2
LF:81
LH:77
end_of_record
SF:lib\features\game_2048\providers\game_provider.dart
DA:13,7
DA:14,1
DA:15,4
DA:16,2
DA:17,0
DA:19,1
DA:34,8
DA:38,8
DA:42,4
DA:46,4
DA:50,4
DA:57,8
DA:64,2
DA:65,4
DA:66,8
DA:67,3
DA:68,3
DA:74,2
DA:81,2
DA:85,2
DA:94,12
DA:96,4
DA:103,8
DA:104,8
DA:106,3
DA:108,3
DA:113,3
DA:114,6
DA:115,6
DA:116,3
DA:119,1
DA:120,1
DA:123,1
DA:124,3
DA:126,3
DA:127,4
DA:128,1
DA:129,3
DA:130,1
DA:133,1
DA:134,2
DA:135,2
DA:139,3
DA:140,3
DA:141,3
DA:142,3
DA:144,2
DA:145,2
DA:146,3
DA:149,2
DA:150,1
DA:156,0
DA:160,0
DA:165,3
DA:168,4
DA:169,4
DA:170,4
DA:171,4
DA:172,24
DA:173,4
DA:174,4
DA:175,4
DA:176,4
DA:179,3
DA:186,2
DA:187,2
DA:188,1
DA:189,3
DA:190,3
DA:195,3
DA:196,3
DA:197,3
DA:198,3
DA:199,18
DA:200,3
DA:201,3
DA:202,3
DA:203,3
DA:204,3
DA:209,3
DA:210,5
DA:211,3
DA:212,3
DA:213,3
DA:214,3
DA:215,1
DA:221,3
DA:225,6
DA:226,6
DA:227,6
DA:233,3
DA:236,4
DA:237,4
DA:238,4
DA:239,2
DA:243,2
DA:244,2
DA:246,2
DA:251,3
DA:253,3
DA:257,15
DA:260,9
DA:261,9
DA:262,9
DA:268,6
DA:269,6
DA:272,12
DA:273,9
DA:274,9
DA:278,6
DA:279,6
DA:284,3
DA:285,6
DA:288,6
DA:289,4
DA:291,6
DA:292,6
DA:293,6
DA:296,4
DA:298,4
DA:301,6
DA:302,4
DA:306,2
DA:307,10
DA:316,3
DA:317,3
DA:318,3
DA:321,2
DA:322,6
DA:323,2
DA:327,3
DA:329,3
DA:332,3
DA:333,0
DA:337,5
DA:338,2
DA:339,3
DA:341,4
DA:344,3
DA:345,3
DA:350,1
DA:351,1
DA:352,1
DA:353,1
DA:357,1
DA:358,1
DA:359,1
DA:362,1
DA:363,2
DA:364,2
DA:371,4
DA:373,12
DA:374,12
DA:375,12
DA:376,20
DA:380,4
DA:383,12
DA:384,8
DA:389,2
DA:390,2
DA:391,2
DA:392,8
DA:393,6
DA:395,6
DA:398,2
DA:399,2
DA:400,2
DA:402,2
DA:403,2
DA:404,2
DA:405,2
DA:411,3
DA:412,4
DA:413,6
DA:414,2
DA:417,8
DA:420,1
DA:421,1
DA:422,1
DA:423,1
DA:426,0
DA:428,0
DA:429,0
DA:435,4
DA:436,4
DA:437,12
DA:438,12
DA:439,12
DA:440,8
DA:445,4
DA:446,16
DA:448,12
DA:449,32
DA:454,3
DA:455,18
DA:459,3
DA:461,3
DA:462,6
DA:463,3
DA:464,3
DA:465,3
DA:466,6
DA:467,2
DA:468,2
DA:473,3
DA:474,9
DA:475,9
DA:478,10
DA:480,10
DA:482,3
DA:486,3
DA:487,7
DA:488,7
DA:490,9
DA:493,6
DA:494,3
DA:495,6
DA:496,6
DA:498,3
DA:499,9
DA:501,12
DA:512,1
DA:514,3
DA:515,3
DA:516,5
DA:517,3
DA:526,1
DA:527,1
DA:528,2
DA:530,0
DA:533,1
DA:534,1
DA:536,1
DA:537,1
DA:541,3
DA:543,4
DA:544,6
DA:545,6
DA:546,3
LF:239
LH:231
end_of_record
SF:lib\features\game_2048\domain\tile_model.dart
DA:7,5
DA:14,3
DA:15,3
DA:16,3
DA:17,1
LF:5
LH:5
end_of_record
SF:lib\features\game_2048\presentation\widgets\merge_particle.dart
DA:11,2
DA:17,2
DA:18,2
DA:26,2
DA:28,2
DA:29,4
DA:35,6
DA:36,6
DA:37,2
DA:40,8
DA:44,8
DA:45,6
DA:49,2
DA:51,4
DA:52,2
DA:55,2
DA:57,2
DA:58,2
DA:59,2
DA:60,2
DA:61,2
DA:62,2
DA:63,4
DA:64,4
DA:78,2
DA:90,2
DA:96,2
DA:98,10
DA:101,4
DA:103,6
DA:105,4
DA:107,4
DA:108,10
DA:109,10
DA:112,2
DA:113,8
DA:114,2
DA:116,2
DA:117,2
DA:118,10
DA:123,2
DA:124,8
DA:125,2
DA:127,2
DA:128,2
DA:129,12
DA:135,2
DA:137,6
LF:48
LH:48
end_of_record
SF:lib\features\library\providers\bookshelf_provider.dart
DA:11,4
DA:12,1
DA:13,1
DA:15,1
DA:16,1
DA:17,3
DA:28,3
DA:29,0
DA:30,0
DA:31,1
DA:32,5
DA:35,1
DA:36,1
DA:37,3
DA:38,1
DA:42,1
DA:48,1
DA:49,1
DA:53,5
DA:55,1
DA:58,1
DA:63,2
DA:66,1
DA:67,1
DA:69,4
DA:73,1
DA:74,5
DA:77,1
DA:78,1
DA:89,1
DA:91,2
DA:94,1
DA:95,1
DA:98,5
DA:99,1
DA:103,1
DA:104,5
DA:107,0
DA:111,0
DA:115,2
DA:117,0
DA:121,0
DA:123,0
DA:128,2
DA:130,0
DA:134,0
DA:136,0
DA:146,1
DA:148,2
DA:150,1
DA:156,2
DA:157,1
DA:160,1
DA:161,5
DA:164,1
DA:166,4
DA:175,1
DA:177,2
DA:180,1
DA:181,1
DA:183,2
DA:184,1
DA:186,0
DA:190,0
DA:196,0
DA:197,0
DA:201,1
DA:202,2
DA:203,2
DA:207,1
DA:208,2
DA:209,2
LF:72
LH:58
end_of_record
SF:lib\features\game_2048\presentation\widgets\square_board.dart
DA:20,3
DA:22,2
DA:23,2
DA:38,2
DA:40,2
DA:41,4
DA:45,6
DA:46,4
DA:48,6
DA:49,4
DA:53,1
DA:55,1
DA:57,1
DA:59,1
DA:61,1
DA:63,1
DA:65,1
DA:67,1
DA:69,1
DA:71,1
DA:73,1
DA:75,0
DA:83,2
DA:84,2
DA:85,2
DA:86,2
DA:87,2
DA:88,2
DA:93,2
DA:95,2
DA:97,2
DA:99,2
DA:101,2
DA:103,2
DA:111,1
DA:118,1
DA:119,6
DA:120,6
DA:121,1
DA:131,1
DA:132,2
DA:133,1
DA:134,1
DA:138,1
DA:143,1
DA:149,1
DA:150,1
DA:151,1
DA:152,1
DA:153,1
DA:157,1
DA:160,1
DA:161,1
DA:164,1
DA:165,1
DA:171,1
DA:176,1
DA:187,2
DA:189,4
DA:190,4
DA:191,2
DA:193,4
DA:194,2
DA:197,2
DA:199,2
DA:200,6
DA:201,2
DA:202,2
DA:203,2
DA:204,4
DA:205,6
DA:206,0
DA:207,0
DA:208,0
DA:214,1
DA:220,1
DA:223,1
DA:224,0
DA:226,1
DA:229,0
DA:230,0
DA:234,2
DA:235,3
DA:236,2
DA:238,3
DA:239,2
DA:243,3
DA:246,2
DA:248,6
DA:250,2
DA:251,2
DA:252,2
DA:253,2
DA:254,2
DA:255,2
DA:256,6
DA:257,6
DA:262,2
DA:263,4
DA:264,2
DA:266,1
DA:267,1
DA:268,1
DA:269,1
DA:271,1
DA:272,1
DA:274,4
DA:275,4
DA:278,6
DA:280,5
DA:282,2
DA:284,0
DA:286,1
DA:287,1
DA:288,1
DA:291,1
DA:292,1
DA:293,1
DA:294,1
DA:296,2
DA:297,2
DA:299,2
DA:300,2
DA:301,2
DA:304,10
DA:306,2
DA:308,4
DA:309,4
DA:311,4
DA:312,2
DA:318,2
DA:320,2
DA:321,2
DA:323,2
DA:325,2
DA:326,2
DA:328,2
DA:329,2
DA:330,2
DA:333,2
DA:335,2
DA:336,2
DA:343,2
DA:345,2
DA:346,2
DA:348,2
DA:350,2
DA:351,2
DA:353,4
DA:354,4
DA:355,4
DA:356,2
DA:357,2
DA:358,4
DA:361,4
DA:362,4
DA:365,2
DA:366,2
DA:367,2
DA:368,0
DA:369,0
DA:370,0
DA:371,0
DA:379,3
DA:380,1
DA:381,1
DA:382,1
DA:385,1
DA:386,1
DA:390,1
DA:392,1
DA:396,1
DA:397,1
DA:398,1
DA:399,1
DA:400,1
DA:403,2
DA:406,1
DA:407,1
DA:415,1
DA:419,1
DA:420,1
DA:423,1
DA:426,1
DA:432,1
DA:435,1
DA:437,1
DA:440,1
DA:441,1
DA:444,1
DA:452,1
DA:455,1
DA:456,1
DA:460,1
DA:467,1
DA:468,1
DA:471,1
DA:482,1
DA:486,1
DA:497,1
DA:501,1
DA:502,1
DA:503,13
DA:506,1
DA:516,1
DA:524,1
DA:526,1
DA:531,1
DA:534,1
DA:536,1
DA:542,1
DA:547,1
DA:559,1
DA:564,1
DA:565,1
DA:567,1
DA:568,1
DA:573,1
DA:575,1
DA:578,1
DA:579,1
DA:583,1
DA:587,1
DA:590,1
DA:591,1
DA:602,1
DA:606,1
DA:607,1
DA:608,1
DA:610,1
DA:613,1
DA:616,1
DA:619,1
DA:630,1
DA:635,1
DA:642,1
DA:646,1
DA:649,1
DA:665,1
DA:666,0
DA:667,0
DA:668,0
DA:673,1
DA:680,1
DA:683,1
DA:695,1
DA:700,1
DA:708,1
DA:709,1
DA:710,2
DA:711,1
DA:714,1
DA:715,1
DA:716,1
DA:718,1
DA:721,1
DA:735,1
DA:740,1
DA:772,2
DA:773,2
DA:774,6
DA:775,6
DA:776,2
DA:778,4
DA:779,2
DA:780,2
DA:781,2
DA:782,4
DA:783,4
DA:786,2
DA:787,2
DA:788,2
DA:789,2
DA:798,2
DA:799,6
DA:800,8
DA:801,10
LF:277
LH:262
end_of_record
SF:lib\main.dart
DA:19,2
DA:20,1
DA:22,0
DA:23,0
DA:27,0
DA:30,0
DA:32,0
DA:34,0
DA:35,0
DA:41,0
DA:43,0
DA:44,0
DA:50,0
DA:51,0
DA:60,3
DA:62,0
DA:69,3
DA:71,0
DA:72,0
DA:84,0
DA:86,0
DA:87,0
DA:88,0
DA:89,0
DA:92,0
DA:94,0
DA:96,0
DA:97,0
DA:101,0
DA:102,0
DA:103,0
DA:104,0
DA:106,0
DA:107,0
DA:108,0
DA:110,0
DA:111,0
DA:112,0
DA:117,0
DA:120,0
DA:121,0
DA:122,0
DA:123,0
DA:124,0
DA:125,0
DA:126,0
DA:127,0
DA:128,0
DA:129,0
DA:133,0
DA:134,0
DA:135,0
DA:139,0
DA:140,0
DA:142,0
DA:143,0
DA:147,0
DA:148,0
DA:150,0
DA:152,0
DA:158,0
DA:159,0
DA:161,0
DA:166,0
DA:169,0
DA:170,0
DA:171,0
DA:173,0
DA:174,0
DA:177,0
DA:178,0
DA:180,0
DA:182,0
DA:184,0
DA:185,0
DA:186,0
DA:187,0
DA:189,0
DA:197,0
DA:199,0
DA:200,0
DA:203,0
DA:205,0
DA:206,0
DA:209,0
DA:217,0
DA:218,0
DA:220,0
LF:88
LH:4
end_of_record
SF:lib\core\config\app_info_config.dart
DA:6,0
LF:1
LH:0
end_of_record
SF:lib\features\audio\presentation\widgets\cyber_player_console.dart
DA:19,3
DA:21,0
DA:22,0
DA:30,0
DA:32,0
DA:34,0
DA:37,0
DA:39,0
DA:40,0
DA:41,0
DA:47,0
DA:49,0
DA:50,0
DA:53,0
DA:55,0
DA:56,0
DA:57,0
DA:59,0
DA:60,0
DA:62,0
DA:63,0
DA:64,0
DA:65,0
DA:66,0
DA:70,0
DA:72,0
DA:73,0
DA:74,0
DA:75,0
DA:76,0
DA:82,0
DA:83,0
DA:84,0
DA:85,0
DA:86,0
DA:87,0
DA:90,0
DA:95,0
DA:96,0
DA:97,0
DA:98,0
DA:102,0
DA:108,0
DA:111,0
DA:112,0
DA:124,0
DA:125,0
DA:126,0
DA:131,0
DA:133,0
DA:134,0
DA:137,0
DA:138,0
DA:139,0
DA:142,0
DA:150,0
DA:154,0
DA:163,0
DA:176,0
DA:178,0
DA:179,0
DA:182,0
DA:183,0
DA:184,0
DA:187,0
DA:190,0
DA:197,0
DA:198,0
DA:199,0
DA:205,0
DA:206,0
DA:216,0
DA:217,0
DA:218,0
DA:219,0
DA:224,0
DA:225,0
DA:226,0
DA:227,0
DA:228,0
DA:229,0
DA:233,0
DA:234,0
DA:236,0
DA:237,0
DA:238,0
DA:240,0
DA:243,0
DA:244,0
DA:245,0
DA:247,0
DA:252,0
DA:254,0
DA:255,0
DA:260,0
DA:261,0
DA:262,0
LF:97
LH:1
end_of_record
SF:lib\features\reader\presentation\screens\chapter_list_screen.dart
DA:15,3
DA:17,1
DA:18,1
DA:26,1
DA:28,2
DA:29,2
DA:30,1
DA:33,1
DA:34,1
DA:35,1
DA:36,0
DA:40,1
DA:41,4
DA:42,4
DA:48,2
DA:49,0
DA:54,1
DA:56,1
DA:58,1
DA:61,1
DA:63,3
DA:64,1
DA:66,1
DA:67,1
DA:68,1
DA:69,1
DA:70,1
DA:71,2
DA:78,1
DA:79,1
DA:80,1
DA:81,1
DA:85,1
DA:87,1
DA:88,1
DA:89,1
DA:91,1
DA:93,1
DA:99,1
DA:100,0
DA:101,1
DA:102,1
DA:106,1
DA:107,1
DA:111,1
DA:113,0
DA:122,1
DA:123,1
DA:125,2
DA:126,1
DA:127,2
DA:129,4
DA:130,1
DA:135,1
DA:136,1
DA:137,1
DA:143,1
DA:145,1
DA:146,0
DA:150,1
DA:151,1
DA:161,1
DA:162,4
DA:163,4
DA:169,1
DA:172,2
DA:174,1
DA:175,1
DA:176,1
DA:179,1
DA:180,1
DA:181,1
DA:183,1
DA:184,1
DA:186,1
DA:187,1
DA:190,1
DA:192,2
DA:195,1
DA:196,3
DA:197,2
DA:206,0
DA:211,0
DA:214,0
DA:216,0
DA:217,0
DA:218,0
DA:219,0
DA:223,0
DA:224,0
DA:225,0
DA:228,0
DA:229,0
DA:230,0
DA:231,0
DA:232,0
DA:233,0
DA:234,0
DA:235,0
DA:236,0
DA:237,0
DA:238,0
DA:253,1
DA:260,1
DA:264,1
DA:267,1
DA:272,1
DA:273,1
DA:274,1
DA:279,1
DA:280,1
DA:281,1
DA:282,1
DA:285,1
DA:286,1
DA:289,1
DA:290,1
DA:291,1
DA:292,1
DA:301,1
DA:305,1
DA:310,1
DA:311,1
DA:312,1
DA:313,1
DA:314,1
DA:315,1
LF:127
LH:101
end_of_record
SF:lib\shared\widgets\cyber_modal.dart
DA:9,0
DA:14,0
DA:17,0
DA:20,0
DA:21,0
DA:22,0
DA:23,0
DA:25,0
DA:26,0
DA:30,0
DA:32,0
DA:37,0
DA:39,0
DA:41,0
DA:43,0
DA:44,0
DA:45,0
DA:48,0
DA:49,0
DA:50,0
DA:61,0
DA:62,0
DA:63,0
DA:65,0
DA:67,0
DA:69,0
DA:72,0
DA:73,0
DA:77,0
LF:29
LH:0
end_of_record
SF:lib\features\audio\presentation\widgets\voice_waveform.dart
DA:12,0
DA:18,0
DA:19,0
DA:28,0
DA:30,0
DA:31,0
DA:34,0
DA:37,0
DA:39,0
DA:40,0
DA:43,0
DA:45,0
DA:46,0
DA:47,0
DA:48,0
DA:51,0
DA:52,0
DA:53,0
DA:54,0
DA:56,0
DA:58,0
DA:60,0
DA:61,0
DA:62,0
LF:24
LH:0
end_of_record
SF:lib\features\audio\presentation\widgets\neon_progress_painter.dart
DA:13,0
DA:20,0
DA:22,0
DA:23,0
DA:26,0
DA:27,0
DA:29,0
DA:30,0
DA:34,0
DA:37,0
DA:39,0
DA:42,0
DA:44,0
DA:47,0
DA:48,0
DA:49,0
DA:50,0
DA:51,0
DA:55,0
DA:58,0
DA:59,0
DA:60,0
DA:61,0
DA:62,0
DA:63,0
DA:66,0
DA:67,0
DA:68,0
DA:69,0
DA:70,0
DA:71,0
DA:74,0
DA:75,0
DA:76,0
DA:77,0
DA:78,0
DA:79,0
DA:82,0
DA:83,0
DA:84,0
DA:85,0
DA:88,0
DA:89,0
DA:90,0
DA:93,0
DA:94,0
DA:96,0
DA:97,0
DA:98,0
DA:99,0
DA:100,0
DA:102,0
DA:107,0
DA:109,0
DA:110,0
LF:55
LH:0
end_of_record
SF:lib\features\dashboard\presentation\dashboard_screen.dart
DA:25,3
DA:27,0
DA:28,0
DA:35,0
DA:37,0
DA:39,0
DA:49,0
DA:50,0
DA:52,0
DA:54,0
DA:55,0
DA:56,0
DA:57,0
DA:61,0
DA:62,0
DA:68,0
DA:69,0
DA:75,0
DA:76,0
DA:82,0
DA:84,0
DA:86,0
DA:87,0
DA:88,0
DA:90,0
DA:91,0
DA:92,0
DA:93,0
DA:96,0
DA:97,0
DA:99,0
DA:106,0
DA:107,0
DA:108,0
DA:110,0
DA:111,0
DA:112,0
DA:119,0
DA:120,0
DA:121,0
DA:122,0
DA:123,0
DA:124,0
DA:125,0
DA:126,0
DA:127,0
DA:129,0
DA:130,0
DA:133,0
DA:134,0
DA:136,0
DA:137,0
DA:140,0
DA:142,0
DA:143,0
DA:144,0
DA:147,0
DA:148,0
DA:150,0
DA:159,0
DA:161,0
DA:163,0
DA:167,0
DA:168,0
DA:173,0
DA:175,0
DA:177,0
DA:181,0
DA:182,0
DA:183,0
DA:184,0
DA:194,0
DA:195,0
DA:198,0
DA:200,0
DA:201,0
DA:214,0
DA:215,0
DA:216,0
DA:219,0
DA:221,0
DA:224,0
DA:226,0
DA:229,0
DA:233,0
DA:234,0
DA:235,0
DA:236,0
DA:240,0
DA:241,0
DA:243,0
DA:244,0
DA:249,0
DA:250,0
DA:251,0
DA:252,0
DA:253,0
DA:258,0
DA:268,0
DA:269,0
DA:270,0
DA:271,0
DA:272,0
DA:273,0
DA:274,0
DA:276,0
DA:277,0
DA:279,0
DA:280,0
DA:281,0
DA:287,0
DA:288,0
DA:294,0
DA:295,0
DA:296,0
DA:298,0
DA:299,0
DA:306,0
DA:314,0
DA:315,0
DA:316,0
DA:317,0
DA:321,0
DA:329,0
DA:330,0
DA:333,0
DA:335,0
DA:338,0
DA:339,0
DA:340,0
DA:343,0
DA:344,0
DA:345,0
DA:351,0
DA:354,0
DA:355,0
DA:357,0
DA:358,0
DA:364,0
DA:367,0
DA:368,0
DA:369,0
DA:371,0
DA:373,0
DA:374,0
DA:379,0
DA:385,0
DA:392,0
DA:394,0
DA:407,0
DA:408,0
DA:409,0
DA:412,0
DA:413,0
DA:414,0
DA:415,0
DA:417,0
DA:419,0
DA:420,0
DA:424,0
DA:425,0
DA:440,0
DA:449,0
DA:451,0
DA:452,0
DA:458,0
DA:460,0
DA:461,0
DA:462,0
DA:463,0
DA:464,0
DA:466,0
DA:470,0
DA:471,0
DA:472,0
DA:475,0
DA:477,0
DA:478,0
DA:479,0
DA:480,0
DA:486,0
DA:487,0
DA:503,0
DA:505,0
DA:507,0
DA:509,0
DA:510,0
DA:511,0
DA:512,0
DA:516,0
DA:518,0
DA:521,0
DA:522,0
DA:523,0
DA:524,0
DA:525,0
DA:528,0
DA:534,0
DA:535,0
DA:537,0
DA:538,0
DA:539,0
DA:540,0
DA:541,0
DA:546,0
DA:547,0
DA:548,0
DA:559,0
DA:560,0
DA:563,0
DA:565,0
DA:566,0
DA:571,0
DA:572,0
DA:574,0
DA:579,0
DA:580,0
DA:583,0
DA:585,0
DA:586,0
DA:590,0
DA:591,0
DA:592,0
DA:593,0
DA:594,0
DA:595,0
DA:596,0
DA:602,0
DA:604,0
DA:615,0
DA:616,0
DA:617,0
DA:618,0
DA:619,0
DA:626,0
DA:628,0
DA:643,0
DA:644,0
DA:645,0
DA:649,0
DA:650,0
DA:654,0
DA:655,0
DA:656,0
DA:658,0
DA:659,0
LF:246
LH:1
end_of_record
SF:lib\features\game_2048\presentation\widgets\board_mascot.dart
DA:18,3
DA:20,1
DA:21,1
DA:68,1
DA:70,1
DA:71,1
DA:72,1
DA:75,1
DA:77,2
DA:81,3
DA:82,2
DA:86,2
DA:90,3
DA:91,3
DA:92,3
DA:93,3
DA:94,3
DA:95,1
DA:96,2
DA:100,2
DA:104,3
DA:105,2
DA:109,3
DA:110,2
DA:114,2
DA:118,2
DA:121,2
DA:124,2
DA:128,3
DA:129,2
DA:130,2
DA:131,2
DA:134,2
DA:138,3
DA:139,2
DA:144,1
DA:145,2
DA:146,4
DA:147,3
DA:148,1
DA:150,3
DA:151,2
DA:153,1
DA:157,1
DA:159,1
DA:160,3
DA:161,2
DA:162,1
DA:163,1
DA:164,3
DA:166,3
DA:167,2
DA:168,1
DA:169,1
DA:170,3
DA:171,2
DA:175,0
DA:176,0
DA:177,0
DA:178,0
DA:179,0
DA:180,0
DA:183,0
DA:185,0
DA:186,0
DA:193,0
DA:194,0
DA:195,0
DA:198,0
DA:199,0
DA:200,0
DA:201,0
DA:205,0
DA:206,0
DA:207,0
DA:211,0
DA:212,0
DA:213,0
DA:214,0
DA:219,0
DA:220,0
DA:221,0
DA:227,0
DA:231,0
DA:232,0
DA:233,0
DA:234,0
DA:235,0
DA:237,0
DA:238,0
DA:239,0
DA:242,0
DA:243,0
DA:246,0
DA:247,0
DA:249,0
DA:253,0
DA:256,0
DA:257,0
DA:258,0
DA:259,0
DA:260,0
DA:264,0
DA:265,0
DA:268,0
DA:269,0
DA:270,0
DA:271,0
DA:273,0
DA:274,0
DA:276,0
DA:280,0
DA:281,0
DA:282,0
DA:283,0
DA:284,0
DA:290,0
DA:291,0
DA:293,0
DA:295,0
DA:298,0
DA:300,0
DA:301,0
DA:302,0
DA:303,0
DA:304,0
DA:310,0
DA:311,0
DA:312,0
DA:313,0
DA:315,0
DA:318,1
DA:320,2
DA:321,3
DA:322,3
DA:323,2
DA:324,2
DA:325,2
DA:326,2
DA:327,2
DA:328,2
DA:329,1
DA:333,0
DA:335,0
DA:337,0
DA:338,0
DA:341,0
DA:343,0
DA:344,0
DA:345,0
DA:346,0
DA:351,1
DA:353,1
DA:356,1
DA:358,1
DA:359,4
DA:360,2
DA:361,1
DA:362,3
DA:363,6
DA:368,1
DA:369,1
DA:370,2
DA:371,2
DA:375,1
DA:376,2
DA:377,1
DA:378,1
DA:379,1
DA:380,1
DA:382,2
DA:385,1
DA:387,1
DA:388,2
DA:389,2
DA:390,2
DA:391,2
DA:392,1
DA:420,1
DA:428,0
DA:431,0
DA:433,0
DA:435,0
DA:437,0
DA:438,0
DA:439,0
DA:440,0
DA:442,0
DA:443,0
DA:448,0
DA:449,0
DA:450,0
DA:451,0
DA:454,0
DA:455,0
DA:458,0
DA:459,0
DA:460,0
DA:461,0
DA:462,0
DA:466,0
DA:467,0
DA:470,0
DA:471,0
DA:472,0
DA:473,0
DA:474,0
DA:478,0
DA:479,0
DA:482,0
DA:483,0
DA:484,0
DA:485,0
DA:490,0
DA:497,0
DA:498,0
DA:499,0
DA:500,0
DA:502,0
DA:503,0
DA:506,0
DA:507,0
DA:508,0
DA:509,0
DA:510,0
DA:511,0
DA:516,0
DA:517,0
DA:518,0
DA:520,0
DA:521,0
DA:522,0
DA:524,0
DA:525,0
DA:527,0
DA:528,0
DA:529,0
DA:533,0
DA:535,0
DA:536,0
DA:537,0
DA:538,0
DA:539,0
DA:543,0
DA:545,0
DA:546,0
DA:547,0
DA:548,0
DA:549,0
DA:553,0
DA:554,0
DA:555,0
DA:556,0
DA:559,0
DA:560,0
DA:562,0
DA:563,0
DA:564,0
DA:567,0
DA:568,0
DA:570,0
DA:571,0
DA:572,0
DA:575,0
DA:576,0
DA:578,0
DA:581,0
DA:582,0
DA:584,0
DA:591,0
DA:592,0
DA:593,0
DA:594,0
DA:597,0
DA:599,0
DA:600,0
DA:601,0
DA:602,0
DA:606,0
DA:608,0
DA:609,0
DA:610,0
DA:611,0
DA:615,0
DA:618,0
DA:621,0
DA:624,0
DA:625,0
DA:628,0
DA:630,0
DA:631,0
DA:632,0
DA:633,0
DA:634,0
DA:636,0
DA:639,0
DA:640,0
DA:641,0
DA:642,0
DA:646,0
DA:647,0
DA:650,0
DA:651,0
DA:652,0
DA:653,0
DA:657,0
DA:658,0
DA:659,0
DA:660,0
DA:661,0
DA:662,0
DA:667,0
DA:668,0
DA:669,0
DA:670,0
DA:671,0
DA:672,0
DA:674,0
DA:675,0
DA:677,0
DA:679,0
DA:680,0
DA:681,0
DA:682,0
DA:683,0
DA:684,0
DA:686,0
DA:687,0
DA:691,0
DA:693,0
DA:694,0
DA:695,0
DA:696,0
DA:697,0
DA:698,0
DA:701,0
DA:703,0
DA:704,0
DA:705,0
DA:706,0
DA:707,0
DA:711,0
DA:713,0
DA:714,0
DA:715,0
DA:717,0
DA:718,0
DA:719,0
DA:723,0
DA:725,0
DA:726,0
DA:727,0
DA:728,0
DA:732,0
DA:734,0
DA:735,0
DA:736,0
DA:737,0
DA:741,0
DA:744,0
DA:748,0
DA:749,0
DA:750,0
DA:751,0
DA:754,0
DA:760,0
DA:761,0
DA:762,0
DA:763,0
DA:764,0
DA:766,0
DA:767,0
DA:768,0
DA:770,0
DA:771,0
DA:772,0
DA:773,0
DA:778,0
DA:780,0
DA:781,0
DA:782,0
DA:783,0
DA:784,0
DA:785,0
DA:789,0
DA:791,0
DA:792,0
DA:793,0
DA:794,0
DA:795,0
DA:799,0
DA:801,0
DA:802,0
DA:803,0
DA:804,0
DA:805,0
LF:396
LH:95
end_of_record
SF:lib\features\reader\presentation\widgets\teleprompter_view.dart
DA:20,3
DA:22,2
DA:23,2
DA:36,4
DA:37,2
DA:38,2
DA:39,2
DA:40,2
DA:49,2
DA:51,2
DA:52,2
DA:53,4
DA:59,2
DA:60,2
DA:62,2
DA:63,10
DA:64,0
DA:65,0
DA:66,0
DA:71,2
DA:73,4
DA:74,3
DA:75,4
DA:76,4
DA:77,2
DA:80,2
DA:81,1
DA:82,3
DA:83,1
DA:84,2
DA:85,0
DA:86,0
DA:90,2
DA:91,3
DA:95,0
DA:96,0
DA:97,0
DA:98,0
DA:99,0
DA:100,0
DA:104,2
DA:105,2
DA:106,2
DA:107,4
DA:109,2
DA:110,4
DA:113,4
DA:114,4
DA:118,2
DA:120,6
DA:121,6
DA:122,6
DA:124,4
DA:127,2
DA:128,0
DA:130,4
DA:133,2
DA:134,0
DA:138,2
DA:139,0
DA:140,0
DA:141,0
DA:143,0
DA:144,0
DA:145,0
DA:152,2
DA:153,2
DA:154,2
DA:157,6
DA:159,6
DA:160,4
DA:164,2
DA:166,2
DA:167,2
DA:168,4
DA:170,4
DA:172,2
DA:174,2
DA:175,2
DA:176,2
DA:177,2
DA:182,2
DA:183,2
DA:184,2
DA:187,0
DA:188,0
DA:189,0
DA:195,0
DA:196,0
DA:197,0
DA:200,2
DA:201,2
DA:205,2
DA:207,2
DA:213,2
DA:214,0
DA:215,2
DA:225,2
DA:234,2
DA:236,1
DA:237,1
DA:240,0
DA:243,2
DA:245,2
DA:246,2
DA:247,2
DA:249,2
DA:250,0
DA:252,10
DA:255,2
DA:256,2
DA:259,2
DA:260,2
DA:261,2
DA:262,2
DA:263,2
DA:265,2
DA:266,2
DA:267,2
DA:270,2
DA:271,4
DA:272,2
DA:273,2
DA:288,0
DA:289,0
DA:292,0
DA:294,0
DA:296,0
DA:297,0
DA:300,0
DA:301,0
DA:304,0
DA:308,0
DA:309,0
DA:310,0
DA:320,2
DA:321,2
DA:322,2
DA:323,2
DA:324,2
DA:326,2
DA:327,2
DA:330,2
DA:332,2
DA:338,2
DA:340,2
DA:341,2
DA:344,2
DA:346,2
DA:358,0
DA:359,0
DA:360,0
DA:361,0
DA:362,0
DA:363,0
DA:364,0
DA:366,0
DA:367,0
DA:369,0
DA:374,0
DA:376,0
DA:388,6
DA:389,1
DA:391,1
DA:392,0
DA:393,0
DA:394,0
DA:395,0
DA:397,1
DA:398,1
DA:399,1
DA:400,1
DA:401,5
DA:403,1
DA:416,0
DA:417,0
DA:419,0
DA:420,0
DA:421,0
DA:422,0
DA:424,0
DA:425,0
DA:427,0
DA:432,0
DA:434,0
DA:435,0
DA:445,0
DA:446,0
DA:448,0
DA:449,0
DA:450,0
DA:451,0
DA:452,0
DA:453,0
DA:455,0
DA:459,0
DA:460,0
DA:463,0
DA:464,0
DA:466,0
DA:469,0
DA:471,0
DA:472,0
DA:476,0
DA:480,0
DA:482,0
DA:483,0
DA:484,0
DA:485,0
DA:486,0
DA:487,0
DA:504,1
DA:505,1
DA:507,1
DA:508,1
DA:510,1
DA:511,1
LF:217
LH:124
end_of_record
SF:lib\features\library\presentation\screens\library_screen.dart
DA:19,3
DA:21,0
DA:23,0
DA:24,0
DA:26,0
DA:27,0
DA:28,0
DA:29,0
DA:30,0
DA:31,0
DA:32,0
DA:33,0
DA:34,0
DA:36,0
DA:43,0
DA:44,0
DA:45,0
DA:57,0
DA:58,0
DA:59,0
DA:60,0
DA:64,0
DA:66,0
DA:67,0
DA:68,0
DA:70,0
DA:72,0
DA:77,0
DA:79,0
DA:88,0
DA:89,0
DA:90,0
DA:92,0
DA:99,0
DA:102,0
DA:117,0
DA:120,0
DA:122,0
DA:123,0
DA:125,0
DA:126,0
DA:127,0
DA:128,0
DA:129,0
DA:133,0
DA:136,0
DA:137,0
DA:139,0
DA:140,0
DA:141,0
DA:144,0
DA:145,0
DA:146,0
DA:151,0
DA:152,0
DA:153,0
DA:159,0
DA:160,0
DA:162,0
DA:166,0
DA:167,0
DA:168,0
DA:169,0
DA:178,0
DA:179,0
DA:180,0
DA:181,0
DA:182,0
DA:183,0
DA:184,0
DA:186,0
DA:189,0
DA:190,0
DA:191,0
DA:192,0
DA:199,0
DA:201,0
DA:202,0
DA:203,0
DA:207,0
DA:208,0
DA:211,0
DA:212,0
DA:229,0
DA:232,0
DA:233,0
DA:234,0
DA:239,0
DA:240,0
DA:242,0
DA:243,0
DA:259,0
DA:260,0
DA:263,0
DA:264,0
DA:266,0
DA:267,0
DA:268,0
DA:273,0
DA:274,0
DA:276,0
DA:278,0
DA:279,0
DA:283,0
DA:285,0
DA:286,0
DA:288,0
DA:290,0
DA:293,0
DA:294,0
DA:298,0
DA:299,0
DA:306,0
DA:307,0
DA:308,0
LF:115
LH:1
end_of_record
SF:lib\features\settings\presentation\screens\settings_screen.dart
DA:22,3
DA:24,0
DA:26,0
DA:27,0
DA:29,0
DA:30,0
DA:31,0
DA:32,0
DA:33,0
DA:34,0
DA:42,0
DA:43,0
DA:45,0
DA:46,0
DA:51,0
DA:52,0
DA:53,0
DA:57,0
DA:58,0
DA:60,0
DA:63,0
DA:65,0
DA:66,0
DA:67,0
DA:74,0
DA:76,0
DA:82,0
DA:84,0
DA:93,0
DA:98,0
DA:104,0
DA:110,0
DA:113,0
DA:115,0
DA:116,0
DA:118,0
DA:120,0
DA:126,0
DA:127,0
DA:132,0
DA:134,0
DA:135,0
DA:149,0
DA:152,0
DA:154,0
DA:155,0
DA:156,0
DA:159,0
DA:162,0
DA:163,0
DA:168,0
DA:169,0
DA:170,0
DA:175,0
DA:177,0
DA:180,0
DA:184,0
DA:185,0
DA:186,0
DA:196,0
DA:198,0
DA:201,0
DA:205,0
DA:208,0
DA:210,0
DA:212,0
DA:214,0
DA:218,0
DA:219,0
DA:226,3
DA:228,0
DA:230,0
DA:231,0
DA:233,0
DA:234,0
DA:236,0
DA:238,0
DA:239,0
DA:240,0
DA:243,0
DA:244,0
DA:249,0
DA:250,0
DA:257,0
DA:258,0
DA:260,0
DA:261,0
DA:263,0
DA:269,0
DA:271,0
DA:296,3
DA:298,0
DA:300,0
DA:302,0
DA:303,0
DA:304,0
DA:306,0
DA:307,0
DA:308,0
DA:315,0
DA:316,0
DA:333,3
DA:335,0
DA:337,0
DA:342,0
DA:343,0
DA:344,0
DA:361,0
DA:369,0
DA:371,0
DA:373,0
DA:374,0
DA:375,0
DA:377,0
DA:378,0
DA:379,0
DA:380,0
DA:384,0
DA:385,0
DA:386,0
DA:387,0
DA:394,0
DA:395,0
DA:396,0
DA:397,0
DA:398,0
DA:402,0
DA:403,0
DA:404,0
DA:409,0
DA:410,0
DA:411,0
DA:412,0
DA:425,0
DA:431,0
DA:433,0
DA:435,0
DA:437,0
DA:438,0
DA:440,0
DA:441,0
DA:442,0
DA:443,0
DA:444,0
DA:445,0
DA:446,0
DA:449,0
DA:451,0
DA:454,0
DA:455,0
DA:456,0
DA:460,0
DA:462,0
DA:463,0
DA:465,0
DA:472,0
DA:473,0
DA:474,0
DA:475,0
DA:488,0
DA:504,0
DA:506,0
DA:508,0
DA:510,0
DA:512,0
DA:513,0
DA:515,0
DA:516,0
DA:524,0
DA:525,0
DA:526,0
DA:527,0
DA:528,0
DA:529,0
DA:535,0
DA:536,0
DA:538,0
DA:539,0
DA:540,0
DA:549,3
DA:551,0
DA:552,0
DA:558,0
DA:560,0
DA:561,0
DA:562,0
DA:563,0
DA:564,0
DA:565,0
DA:568,0
DA:570,0
DA:571,0
DA:572,0
DA:573,0
DA:578,0
DA:579,0
DA:580,0
DA:581,0
DA:590,0
DA:595,0
DA:596,0
DA:597,0
DA:598,0
DA:601,0
DA:608,0
DA:621,0
DA:622,0
DA:623,0
DA:625,0
DA:626,0
DA:627,0
DA:628,0
DA:629,0
DA:630,0
DA:633,0
DA:634,0
DA:637,0
DA:639,0
DA:640,0
DA:641,0
DA:651,0
DA:653,0
DA:655,0
DA:656,0
DA:658,0
DA:660,0
DA:661,0
DA:662,0
DA:667,0
DA:669,0
DA:672,0
DA:673,0
DA:677,0
DA:683,0
DA:684,0
DA:686,0
DA:687,0
DA:688,0
DA:689,0
DA:693,0
DA:698,0
DA:699,0
DA:700,0
DA:709,0
DA:710,0
DA:712,0
DA:713,0
DA:714,0
DA:718,0
DA:720,0
DA:738,0
DA:740,0
DA:742,0
DA:744,0
DA:746,0
DA:747,0
DA:749,0
DA:750,0
DA:757,0
DA:758,0
DA:759,0
DA:763,0
DA:769,0
DA:770,0
DA:771,0
DA:772,0
DA:773,0
DA:778,0
DA:779,0
DA:780,0
LF:270
LH:5
end_of_record
SF:lib\features\update\domain\update_info.dart
DA:32,1
DA:41,1
DA:42,1
DA:43,1
DA:44,2
DA:45,1
DA:46,1
DA:47,1
DA:51,0
DA:52,0
DA:53,0
DA:54,0
DA:56,1
DA:59,1
DA:60,3
DA:61,3
DA:62,0
DA:64,0
DA:65,0
LF:19
LH:12
end_of_record
SF:lib\features\update\services\update_service.dart
DA:34,0
DA:51,1
DA:52,1
DA:57,0
DA:59,0
DA:60,0
DA:61,0
DA:63,0
DA:65,0
DA:72,0
DA:73,0
DA:74,0
DA:76,0
DA:77,0
DA:78,0
DA:84,0
DA:86,0
DA:88,0
DA:92,0
DA:101,0
DA:102,0
DA:103,0
DA:104,0
DA:105,0
DA:115,1
DA:116,1
DA:118,1
DA:120,4
DA:121,3
DA:124,4
DA:128,1
DA:129,1
DA:131,1
DA:132,1
DA:133,1
DA:134,2
DA:135,3
DA:136,1
DA:142,1
DA:143,1
DA:144,2
DA:145,2
DA:146,2
LF:43
LH:21
end_of_record
SF:lib\shared\widgets\cyber_confirm_dialog.dart
DA:10,0
DA:17,0
DA:19,0
DA:21,0
DA:23,0
DA:24,0
DA:26,0
DA:32,0
DA:33,0
DA:34,0
DA:37,0
DA:46,0
DA:47,0
DA:48,0
DA:49,0
DA:52,0
DA:56,0
DA:57,0
DA:60,0
DA:77,0
DA:83,0
DA:85,0
DA:86,0
DA:87,0
DA:90,0
DA:91,0
DA:98,0
DA:99,0
DA:100,0
DA:102,0
DA:106,0
DA:107,0
DA:108,0
DA:109,0
LF:34
LH:0
end_of_record
SF:lib\features\game_2048\presentation\widgets\board_reset_animation.dart
DA:11,2
DA:17,2
DA:18,2
DA:28,2
DA:30,2
DA:31,6
DA:32,4
DA:37,4
DA:40,2
DA:41,2
DA:42,2
DA:47,6
DA:48,2
DA:49,2
DA:52,2
DA:53,2
DA:56,4
DA:59,1
DA:61,1
DA:63,4
DA:64,0
DA:66,3
DA:69,2
DA:71,4
DA:72,2
DA:75,2
DA:77,2
DA:78,2
DA:79,2
DA:80,2
DA:82,2
DA:83,2
DA:84,6
DA:85,2
DA:86,4
DA:87,4
LF:36
LH:35
end_of_record
SF:lib\features\game_2048\presentation\widgets\rain_effect.dart
DA:11,3
DA:16,1
DA:17,1
DA:26,1
DA:28,1
DA:29,2
DA:32,1
DA:36,4
DA:37,2
DA:38,1
DA:39,2
DA:40,3
DA:41,4
DA:42,4
DA:48,1
DA:50,2
DA:51,1
DA:54,1
DA:56,1
DA:57,1
DA:58,1
DA:59,1
DA:60,1
DA:61,1
DA:62,1
DA:63,1
DA:64,2
DA:80,1
DA:97,1
DA:102,1
DA:104,2
DA:107,6
DA:110,3
DA:111,2
DA:112,2
DA:113,1
DA:116,3
DA:121,1
DA:122,1
DA:123,1
DA:124,2
DA:128,1
DA:129,2
DA:132,1
DA:134,4
DA:136,4
DA:138,4
DA:139,1
DA:140,1
DA:142,1
DA:143,1
DA:144,1
DA:150,1
DA:152,3
LF:54
LH:54
end_of_record
SF:lib\shared\widgets\cyber_toast.dart
DA:21,1
DA:27,1
DA:30,3
DA:32,1
DA:33,2
DA:36,0
DA:41,1
DA:44,0
DA:45,2
DA:46,1
DA:50,1
DA:52,1
DA:55,1
DA:65,1
DA:71,1
DA:72,1
DA:81,1
DA:83,1
DA:85,2
DA:90,2
DA:93,1
DA:94,1
DA:95,1
DA:100,2
DA:103,1
DA:104,1
DA:105,1
DA:110,2
DA:113,1
DA:115,2
DA:116,1
DA:119,3
DA:120,1
DA:121,1
DA:122,0
DA:125,1
DA:127,1
DA:128,4
DA:131,1
DA:132,1
DA:133,1
DA:134,1
DA:135,1
DA:137,1
DA:138,1
DA:139,1
DA:140,4
DA:145,1
DA:146,1
DA:147,1
DA:148,1
DA:151,1
DA:152,1
DA:153,2
DA:159,1
DA:160,1
DA:161,1
DA:163,2
DA:165,1
DA:166,1
DA:167,1
DA:169,0
DA:170,0
DA:171,0
DA:173,0
DA:185,1
DA:186,1
DA:191,1
DA:194,1
DA:196,1
DA:199,1
DA:201,1
DA:202,1
DA:203,2
DA:206,1
DA:207,1
DA:208,2
DA:213,1
DA:214,1
DA:217,1
DA:228,1
DA:229,1
DA:232,1
DA:233,1
DA:235,1
DA:236,1
DA:242,1
DA:243,2
DA:244,1
LF:89
LH:82
end_of_record
SF:lib\features\game_2048\presentation\widgets\tile_widget.dart
DA:16,3
DA:23,3
DA:24,3
DA:41,3
DA:43,3
DA:44,9
DA:45,6
DA:51,9
DA:52,3
DA:53,3
DA:54,6
DA:57,3
DA:58,3
DA:59,6
DA:62,6
DA:65,9
DA:66,3
DA:67,3
DA:70,3
DA:71,3
DA:74,6
DA:77,6
DA:82,9
DA:83,3
DA:84,3
DA:85,6
DA:88,3
DA:89,3
DA:90,6
DA:93,6
DA:95,9
DA:96,3
DA:97,3
DA:100,3
DA:101,3
DA:104,6
DA:106,6
DA:107,6
DA:108,6
DA:111,2
DA:113,2
DA:115,12
DA:116,3
DA:117,2
DA:118,3
DA:122,3
DA:124,3
DA:125,6
DA:126,6
DA:127,3
DA:130,0
DA:131,0
DA:132,0
DA:133,0
DA:134,0
DA:135,0
DA:137,0
DA:138,0
DA:141,0
DA:142,0
DA:143,0
DA:145,0
DA:146,0
DA:151,3
DA:153,9
DA:157,3
DA:158,3
DA:159,3
DA:160,3
DA:161,3
DA:162,3
DA:163,6
DA:164,3
DA:165,6
DA:166,3
DA:167,6
DA:173,3
DA:175,3
DA:177,3
DA:178,3
DA:179,3
DA:180,3
DA:181,6
DA:182,3
DA:183,3
DA:184,9
DA:186,3
DA:188,15
DA:189,3
DA:195,3
DA:196,9
DA:197,3
DA:199,9
DA:215,3
DA:216,1
DA:217,1
DA:218,3
DA:219,1
DA:220,1
DA:221,3
DA:234,1
DA:235,1
DA:236,1
DA:237,1
DA:238,1
DA:239,1
DA:245,3
DA:249,3
DA:253,2
DA:257,2
DA:261,2
DA:271,3
DA:272,3
DA:273,3
DA:274,3
DA:275,3
DA:277,3
DA:278,3
DA:279,6
DA:286,3
DA:288,3
DA:293,2
DA:298,2
DA:303,2
DA:308,2
DA:313,2
DA:318,2
DA:323,2
DA:328,2
DA:333,2
DA:338,2
DA:351,3
DA:352,3
DA:353,2
LF:134
LH:121
end_of_record
SF:lib\features\library\presentation\widgets\cyber_import_button.dart
DA:16,3
DA:18,0
DA:19,0
DA:23,0
DA:25,0
DA:26,0
DA:29,0
DA:31,0
DA:32,0
DA:33,0
DA:34,0
DA:35,0
DA:36,0
DA:40,0
DA:42,0
DA:45,0
DA:47,0
DA:55,0
DA:57,0
DA:58,0
DA:59,0
DA:62,0
DA:65,0
DA:67,0
DA:68,0
DA:69,0
DA:71,0
DA:74,0
DA:75,0
DA:76,0
DA:77,0
DA:79,0
DA:81,0
DA:83,0
DA:84,0
DA:86,0
DA:89,0
DA:90,0
DA:94,0
DA:96,0
DA:97,0
DA:98,0
DA:103,0
DA:104,0
DA:123,0
LF:45
LH:1
end_of_record
SF:lib\features\library\services\file_import_service.dart
DA:21,3
DA:23,0
DA:24,0
DA:33,1
DA:44,1
DA:56,0
DA:59,0
DA:60,0
DA:62,0
DA:66,0
DA:68,0
DA:76,0
DA:80,0
DA:81,0
DA:82,0
DA:88,0
DA:91,0
DA:92,0
DA:97,0
DA:99,0
DA:100,0
DA:104,0
DA:111,0
DA:112,0
DA:113,0
DA:115,0
DA:117,0
DA:122,0
DA:125,0
DA:129,0
DA:134,0
DA:137,0
DA:138,0
DA:139,0
DA:140,0
DA:141,0
DA:142,0
DA:144,0
DA:146,0
DA:150,0
DA:152,0
DA:157,0
DA:162,0
DA:164,0
DA:166,0
DA:170,0
DA:171,0
DA:172,0
DA:173,0
DA:176,0
DA:180,0
DA:182,0
DA:188,0
DA:190,0
DA:191,0
DA:192,0
DA:197,1
DA:201,2
DA:204,1
DA:205,1
DA:208,1
DA:209,1
DA:213,1
DA:215,2
DA:217,3
DA:218,1
DA:221,1
DA:222,1
DA:225,1
DA:227,1
DA:229,1
DA:233,2
DA:234,2
DA:235,2
DA:236,2
DA:237,1
DA:238,1
DA:241,1
DA:245,1
DA:246,0
DA:248,1
DA:251,1
DA:252,2
DA:253,1
DA:254,1
DA:255,1
DA:260,1
DA:261,1
DA:262,1
DA:264,1
DA:265,3
DA:266,1
DA:267,1
DA:268,3
DA:269,1
DA:270,2
DA:271,1
DA:272,2
DA:276,1
DA:278,0
DA:282,0
DA:289,1
DA:291,2
DA:292,1
DA:293,1
DA:294,1
DA:299,2
DA:301,2
DA:303,2
DA:310,3
DA:314,2
DA:315,2
DA:316,2
DA:321,1
DA:322,1
DA:323,1
DA:324,1
DA:326,2
DA:331,1
DA:332,2
DA:333,2
DA:334,2
DA:335,2
DA:336,1
DA:346,0
LF:125
LH:68
end_of_record
SF:lib\features\settings\constants\settings_texts.dart
DA:3,0
LF:1
LH:0
end_of_record
SF:lib\features\settings\presentation\widgets\privacy_agreement_modal.dart
DA:13,0
DA:14,0
DA:23,3
DA:25,0
DA:27,0
DA:29,0
DA:31,0
DA:39,0
DA:41,0
DA:46,0
DA:48,0
DA:56,0
DA:57,0
DA:58,0
DA:60,0
DA:62,0
DA:63,0
DA:64,0
DA:117,0
DA:120,0
DA:121,0
DA:124,0
DA:128,0
DA:129,0
DA:130,0
DA:133,0
DA:135,0
DA:147,0
DA:148,0
DA:150,0
DA:151,0
DA:152,0
DA:153,0
DA:154,0
DA:160,0
DA:161,0
DA:162,0
DA:179,3
DA:185,0
DA:187,0
DA:189,0
DA:190,0
DA:191,0
DA:192,0
DA:193,0
DA:194,0
DA:199,0
DA:200,0
DA:201,0
DA:208,0
DA:209,0
DA:210,0
DA:222,0
DA:224,0
DA:226,0
DA:227,0
DA:228,0
DA:231,0
DA:232,0
DA:233,0
DA:234,0
DA:235,0
DA:239,0
DA:240,0
DA:242,0
DA:255,0
DA:257,0
DA:259,0
DA:260,0
DA:261,0
DA:264,0
DA:270,0
DA:272,0
DA:273,0
DA:275,0
LF:75
LH:2
end_of_record
SF:lib\shared\widgets\tts_error_listener.dart
DA:15,0
DA:17,0
DA:18,0
DA:26,0
DA:28,0
DA:30,0
DA:31,0
DA:32,0
DA:33,0
DA:34,0
DA:35,0
DA:36,0
DA:39,0
DA:42,0
DA:44,0
DA:46,0
DA:50,0
DA:51,0
DA:52,0
DA:53,0
DA:56,0
DA:58,0
DA:59,0
DA:60,0
DA:64,0
DA:65,0
DA:67,0
DA:69,0
DA:73,0
DA:79,0
DA:81,0
DA:83,0
DA:85,0
DA:88,0
DA:89,0
DA:90,0
DA:91,0
DA:93,0
DA:95,0
DA:99,0
DA:106,0
LF:41
LH:0
end_of_record
